
 RUN  v4.0.18 /Users/arimendelow/Projects/spoonjoy-v2
      Coverage enabled with istanbul

 ✓ test/lib/recipe-import.test.ts (69 tests) 6224ms
 ✓ test/lib/recipe-fork.server.test.ts (18 tests) 347ms

 Test Files  2 passed (2)
      Tests  87 passed (87)
   Start at  20:31:18
   Duration  7.94s (transform 351ms, setup 151ms, import 591ms, tests 6.57s, environment 360ms)

 % Coverage report from istanbul
-------------------|---------|----------|---------|---------|-------------------
File               | % Stmts | % Branch | % Funcs | % Lines | Uncovered Line #s 
-------------------|---------|----------|---------|---------|-------------------
All files          |   88.61 |    87.78 |   94.28 |   89.13 |                   
 ...fork.server.ts |   89.28 |    86.36 |     100 |   93.61 | 85-87             
 ...port.server.ts |   88.35 |     88.5 |    92.3 |   87.59 | ...96-332,547,584 
-------------------|---------|----------|---------|---------|-------------------
ERROR: Coverage for lines (89.13%) does not meet global threshold (100%)
ERROR: Coverage for functions (94.28%) does not meet global threshold (100%)
ERROR: Coverage for statements (88.61%) does not meet global threshold (100%)
ERROR: Coverage for branches (87.78%) does not meet global threshold (100%)
