Refreshing checks status every 10 seconds. Press Ctrl+C to quit.

build-storybook	pending	0	https://github.com/arimendelow/spoonjoy-v2/actions/runs/27425471829/job/81061951516
coverage	pending	0	https://github.com/arimendelow/spoonjoy-v2/actions/runs/27425471815/job/81061951335
e2e	pending	0	https://github.com/arimendelow/spoonjoy-v2/actions/runs/27425471815/job/81061951316
Refreshing checks status every 10 seconds. Press Ctrl+C to quit.

build-storybook	pending	0	https://github.com/arimendelow/spoonjoy-v2/actions/runs/27425471829/job/81061951516
coverage	pending	0	https://github.com/arimendelow/spoonjoy-v2/actions/runs/27425471815/job/81061951335
e2e	pending	0	https://github.com/arimendelow/spoonjoy-v2/actions/runs/27425471815/job/81061951316
Refreshing checks status every 10 seconds. Press Ctrl+C to quit.

build-storybook	pending	0	https://github.com/arimendelow/spoonjoy-v2/actions/runs/27425471829/job/81061951516
coverage	pending	0	https://github.com/arimendelow/spoonjoy-v2/actions/runs/27425471815/job/81061951335
e2e	pending	0	https://github.com/arimendelow/spoonjoy-v2/actions/runs/27425471815/job/81061951316
Refreshing checks status every 10 seconds. Press Ctrl+C to quit.

build-storybook	pending	0	https://github.com/arimendelow/spoonjoy-v2/actions/runs/27425471829/job/81061951516
coverage	pending	0	https://github.com/arimendelow/spoonjoy-v2/actions/runs/27425471815/job/81061951335
e2e	pending	0	https://github.com/arimendelow/spoonjoy-v2/actions/runs/27425471815/job/81061951316
Refreshing checks status every 10 seconds. Press Ctrl+C to quit.

build-storybook	pass	35s	https://github.com/arimendelow/spoonjoy-v2/actions/runs/27425471829/job/81061951516
coverage	pending	0	https://github.com/arimendelow/spoonjoy-v2/actions/runs/27425471815/job/81061951335
e2e	pending	0	https://github.com/arimendelow/spoonjoy-v2/actions/runs/27425471815/job/81061951316
Refreshing checks status every 10 seconds. Press Ctrl+C to quit.

build-storybook	pass	35s	https://github.com/arimendelow/spoonjoy-v2/actions/runs/27425471829/job/81061951516
coverage	pending	0	https://github.com/arimendelow/spoonjoy-v2/actions/runs/27425471815/job/81061951335
e2e	pending	0	https://github.com/arimendelow/spoonjoy-v2/actions/runs/27425471815/job/81061951316
Refreshing checks status every 10 seconds. Press Ctrl+C to quit.

build-storybook	pass	35s	https://github.com/arimendelow/spoonjoy-v2/actions/runs/27425471829/job/81061951516
coverage	pending	0	https://github.com/arimendelow/spoonjoy-v2/actions/runs/27425471815/job/81061951335
e2e	pending	0	https://github.com/arimendelow/spoonjoy-v2/actions/runs/27425471815/job/81061951316
Refreshing checks status every 10 seconds. Press Ctrl+C to quit.

build-storybook	pass	35s	https://github.com/arimendelow/spoonjoy-v2/actions/runs/27425471829/job/81061951516
coverage	pending	0	https://github.com/arimendelow/spoonjoy-v2/actions/runs/27425471815/job/81061951335
e2e	pending	0	https://github.com/arimendelow/spoonjoy-v2/actions/runs/27425471815/job/81061951316
Refreshing checks status every 10 seconds. Press Ctrl+C to quit.

build-storybook	pass	35s	https://github.com/arimendelow/spoonjoy-v2/actions/runs/27425471829/job/81061951516
coverage	pending	0	https://github.com/arimendelow/spoonjoy-v2/actions/runs/27425471815/job/81061951335
e2e	pending	0	https://github.com/arimendelow/spoonjoy-v2/actions/runs/27425471815/job/81061951316
Refreshing checks status every 10 seconds. Press Ctrl+C to quit.

build-storybook	pass	35s	https://github.com/arimendelow/spoonjoy-v2/actions/runs/27425471829/job/81061951516
coverage	pending	0	https://github.com/arimendelow/spoonjoy-v2/actions/runs/27425471815/job/81061951335
e2e	pending	0	https://github.com/arimendelow/spoonjoy-v2/actions/runs/27425471815/job/81061951316
Refreshing checks status every 10 seconds. Press Ctrl+C to quit.

build-storybook	pass	35s	https://github.com/arimendelow/spoonjoy-v2/actions/runs/27425471829/job/81061951516
coverage	pending	0	https://github.com/arimendelow/spoonjoy-v2/actions/runs/27425471815/job/81061951335
e2e	pending	0	https://github.com/arimendelow/spoonjoy-v2/actions/runs/27425471815/job/81061951316
Refreshing checks status every 10 seconds. Press Ctrl+C to quit.

build-storybook	pass	35s	https://github.com/arimendelow/spoonjoy-v2/actions/runs/27425471829/job/81061951516
coverage	pending	0	https://github.com/arimendelow/spoonjoy-v2/actions/runs/27425471815/job/81061951335
e2e	pending	0	https://github.com/arimendelow/spoonjoy-v2/actions/runs/27425471815/job/81061951316
Refreshing checks status every 10 seconds. Press Ctrl+C to quit.

build-storybook	pass	35s	https://github.com/arimendelow/spoonjoy-v2/actions/runs/27425471829/job/81061951516
coverage	pending	0	https://github.com/arimendelow/spoonjoy-v2/actions/runs/27425471815/job/81061951335
e2e	pending	0	https://github.com/arimendelow/spoonjoy-v2/actions/runs/27425471815/job/81061951316
Refreshing checks status every 10 seconds. Press Ctrl+C to quit.

build-storybook	pass	35s	https://github.com/arimendelow/spoonjoy-v2/actions/runs/27425471829/job/81061951516
coverage	pending	0	https://github.com/arimendelow/spoonjoy-v2/actions/runs/27425471815/job/81061951335
e2e	pass	2m16s	https://github.com/arimendelow/spoonjoy-v2/actions/runs/27425471815/job/81061951316
Refreshing checks status every 10 seconds. Press Ctrl+C to quit.

build-storybook	pass	35s	https://github.com/arimendelow/spoonjoy-v2/actions/runs/27425471829/job/81061951516
coverage	pending	0	https://github.com/arimendelow/spoonjoy-v2/actions/runs/27425471815/job/81061951335
e2e	pass	2m16s	https://github.com/arimendelow/spoonjoy-v2/actions/runs/27425471815/job/81061951316
Refreshing checks status every 10 seconds. Press Ctrl+C to quit.

build-storybook	pass	35s	https://github.com/arimendelow/spoonjoy-v2/actions/runs/27425471829/job/81061951516
coverage	pending	0	https://github.com/arimendelow/spoonjoy-v2/actions/runs/27425471815/job/81061951335
e2e	pass	2m16s	https://github.com/arimendelow/spoonjoy-v2/actions/runs/27425471815/job/81061951316
Refreshing checks status every 10 seconds. Press Ctrl+C to quit.

build-storybook	pass	35s	https://github.com/arimendelow/spoonjoy-v2/actions/runs/27425471829/job/81061951516
coverage	pending	0	https://github.com/arimendelow/spoonjoy-v2/actions/runs/27425471815/job/81061951335
e2e	pass	2m16s	https://github.com/arimendelow/spoonjoy-v2/actions/runs/27425471815/job/81061951316
Refreshing checks status every 10 seconds. Press Ctrl+C to quit.

build-storybook	pass	35s	https://github.com/arimendelow/spoonjoy-v2/actions/runs/27425471829/job/81061951516
coverage	pending	0	https://github.com/arimendelow/spoonjoy-v2/actions/runs/27425471815/job/81061951335
e2e	pass	2m16s	https://github.com/arimendelow/spoonjoy-v2/actions/runs/27425471815/job/81061951316
Refreshing checks status every 10 seconds. Press Ctrl+C to quit.

build-storybook	pass	35s	https://github.com/arimendelow/spoonjoy-v2/actions/runs/27425471829/job/81061951516
coverage	pending	0	https://github.com/arimendelow/spoonjoy-v2/actions/runs/27425471815/job/81061951335
e2e	pass	2m16s	https://github.com/arimendelow/spoonjoy-v2/actions/runs/27425471815/job/81061951316
Refreshing checks status every 10 seconds. Press Ctrl+C to quit.

build-storybook	pass	35s	https://github.com/arimendelow/spoonjoy-v2/actions/runs/27425471829/job/81061951516
coverage	pending	0	https://github.com/arimendelow/spoonjoy-v2/actions/runs/27425471815/job/81061951335
e2e	pass	2m16s	https://github.com/arimendelow/spoonjoy-v2/actions/runs/27425471815/job/81061951316
Refreshing checks status every 10 seconds. Press Ctrl+C to quit.

build-storybook	pass	35s	https://github.com/arimendelow/spoonjoy-v2/actions/runs/27425471829/job/81061951516
coverage	pending	0	https://github.com/arimendelow/spoonjoy-v2/actions/runs/27425471815/job/81061951335
e2e	pass	2m16s	https://github.com/arimendelow/spoonjoy-v2/actions/runs/27425471815/job/81061951316
Refreshing checks status every 10 seconds. Press Ctrl+C to quit.

build-storybook	pass	35s	https://github.com/arimendelow/spoonjoy-v2/actions/runs/27425471829/job/81061951516
coverage	pending	0	https://github.com/arimendelow/spoonjoy-v2/actions/runs/27425471815/job/81061951335
e2e	pass	2m16s	https://github.com/arimendelow/spoonjoy-v2/actions/runs/27425471815/job/81061951316
Refreshing checks status every 10 seconds. Press Ctrl+C to quit.

build-storybook	pass	35s	https://github.com/arimendelow/spoonjoy-v2/actions/runs/27425471829/job/81061951516
coverage	pending	0	https://github.com/arimendelow/spoonjoy-v2/actions/runs/27425471815/job/81061951335
e2e	pass	2m16s	https://github.com/arimendelow/spoonjoy-v2/actions/runs/27425471815/job/81061951316
Refreshing checks status every 10 seconds. Press Ctrl+C to quit.

build-storybook	pass	35s	https://github.com/arimendelow/spoonjoy-v2/actions/runs/27425471829/job/81061951516
coverage	pending	0	https://github.com/arimendelow/spoonjoy-v2/actions/runs/27425471815/job/81061951335
e2e	pass	2m16s	https://github.com/arimendelow/spoonjoy-v2/actions/runs/27425471815/job/81061951316
Refreshing checks status every 10 seconds. Press Ctrl+C to quit.

build-storybook	pass	35s	https://github.com/arimendelow/spoonjoy-v2/actions/runs/27425471829/job/81061951516
coverage	pending	0	https://github.com/arimendelow/spoonjoy-v2/actions/runs/27425471815/job/81061951335
e2e	pass	2m16s	https://github.com/arimendelow/spoonjoy-v2/actions/runs/27425471815/job/81061951316
Refreshing checks status every 10 seconds. Press Ctrl+C to quit.

build-storybook	pass	35s	https://github.com/arimendelow/spoonjoy-v2/actions/runs/27425471829/job/81061951516
coverage	pending	0	https://github.com/arimendelow/spoonjoy-v2/actions/runs/27425471815/job/81061951335
e2e	pass	2m16s	https://github.com/arimendelow/spoonjoy-v2/actions/runs/27425471815/job/81061951316
Refreshing checks status every 10 seconds. Press Ctrl+C to quit.

build-storybook	pass	35s	https://github.com/arimendelow/spoonjoy-v2/actions/runs/27425471829/job/81061951516
coverage	pending	0	https://github.com/arimendelow/spoonjoy-v2/actions/runs/27425471815/job/81061951335
e2e	pass	2m16s	https://github.com/arimendelow/spoonjoy-v2/actions/runs/27425471815/job/81061951316
Refreshing checks status every 10 seconds. Press Ctrl+C to quit.

build-storybook	pass	35s	https://github.com/arimendelow/spoonjoy-v2/actions/runs/27425471829/job/81061951516
coverage	pending	0	https://github.com/arimendelow/spoonjoy-v2/actions/runs/27425471815/job/81061951335
e2e	pass	2m16s	https://github.com/arimendelow/spoonjoy-v2/actions/runs/27425471815/job/81061951316
Refreshing checks status every 10 seconds. Press Ctrl+C to quit.

build-storybook	pass	35s	https://github.com/arimendelow/spoonjoy-v2/actions/runs/27425471829/job/81061951516
coverage	pending	0	https://github.com/arimendelow/spoonjoy-v2/actions/runs/27425471815/job/81061951335
e2e	pass	2m16s	https://github.com/arimendelow/spoonjoy-v2/actions/runs/27425471815/job/81061951316
Refreshing checks status every 10 seconds. Press Ctrl+C to quit.

build-storybook	pass	35s	https://github.com/arimendelow/spoonjoy-v2/actions/runs/27425471829/job/81061951516
coverage	pending	0	https://github.com/arimendelow/spoonjoy-v2/actions/runs/27425471815/job/81061951335
e2e	pass	2m16s	https://github.com/arimendelow/spoonjoy-v2/actions/runs/27425471815/job/81061951316
Refreshing checks status every 10 seconds. Press Ctrl+C to quit.

build-storybook	pass	35s	https://github.com/arimendelow/spoonjoy-v2/actions/runs/27425471829/job/81061951516
coverage	pending	0	https://github.com/arimendelow/spoonjoy-v2/actions/runs/27425471815/job/81061951335
e2e	pass	2m16s	https://github.com/arimendelow/spoonjoy-v2/actions/runs/27425471815/job/81061951316
Refreshing checks status every 10 seconds. Press Ctrl+C to quit.

build-storybook	pass	35s	https://github.com/arimendelow/spoonjoy-v2/actions/runs/27425471829/job/81061951516
coverage	pending	0	https://github.com/arimendelow/spoonjoy-v2/actions/runs/27425471815/job/81061951335
e2e	pass	2m16s	https://github.com/arimendelow/spoonjoy-v2/actions/runs/27425471815/job/81061951316
Refreshing checks status every 10 seconds. Press Ctrl+C to quit.

build-storybook	pass	35s	https://github.com/arimendelow/spoonjoy-v2/actions/runs/27425471829/job/81061951516
coverage	pending	0	https://github.com/arimendelow/spoonjoy-v2/actions/runs/27425471815/job/81061951335
e2e	pass	2m16s	https://github.com/arimendelow/spoonjoy-v2/actions/runs/27425471815/job/81061951316
Refreshing checks status every 10 seconds. Press Ctrl+C to quit.

build-storybook	pass	35s	https://github.com/arimendelow/spoonjoy-v2/actions/runs/27425471829/job/81061951516
coverage	pending	0	https://github.com/arimendelow/spoonjoy-v2/actions/runs/27425471815/job/81061951335
e2e	pass	2m16s	https://github.com/arimendelow/spoonjoy-v2/actions/runs/27425471815/job/81061951316
Refreshing checks status every 10 seconds. Press Ctrl+C to quit.

build-storybook	pass	35s	https://github.com/arimendelow/spoonjoy-v2/actions/runs/27425471829/job/81061951516
coverage	pending	0	https://github.com/arimendelow/spoonjoy-v2/actions/runs/27425471815/job/81061951335
e2e	pass	2m16s	https://github.com/arimendelow/spoonjoy-v2/actions/runs/27425471815/job/81061951316
Refreshing checks status every 10 seconds. Press Ctrl+C to quit.

build-storybook	pass	35s	https://github.com/arimendelow/spoonjoy-v2/actions/runs/27425471829/job/81061951516
coverage	pending	0	https://github.com/arimendelow/spoonjoy-v2/actions/runs/27425471815/job/81061951335
e2e	pass	2m16s	https://github.com/arimendelow/spoonjoy-v2/actions/runs/27425471815/job/81061951316
Refreshing checks status every 10 seconds. Press Ctrl+C to quit.

build-storybook	pass	35s	https://github.com/arimendelow/spoonjoy-v2/actions/runs/27425471829/job/81061951516
coverage	pending	0	https://github.com/arimendelow/spoonjoy-v2/actions/runs/27425471815/job/81061951335
e2e	pass	2m16s	https://github.com/arimendelow/spoonjoy-v2/actions/runs/27425471815/job/81061951316
Refreshing checks status every 10 seconds. Press Ctrl+C to quit.

build-storybook	pass	35s	https://github.com/arimendelow/spoonjoy-v2/actions/runs/27425471829/job/81061951516
coverage	pending	0	https://github.com/arimendelow/spoonjoy-v2/actions/runs/27425471815/job/81061951335
e2e	pass	2m16s	https://github.com/arimendelow/spoonjoy-v2/actions/runs/27425471815/job/81061951316
Refreshing checks status every 10 seconds. Press Ctrl+C to quit.

build-storybook	pass	35s	https://github.com/arimendelow/spoonjoy-v2/actions/runs/27425471829/job/81061951516
coverage	pending	0	https://github.com/arimendelow/spoonjoy-v2/actions/runs/27425471815/job/81061951335
e2e	pass	2m16s	https://github.com/arimendelow/spoonjoy-v2/actions/runs/27425471815/job/81061951316
Refreshing checks status every 10 seconds. Press Ctrl+C to quit.

build-storybook	pass	35s	https://github.com/arimendelow/spoonjoy-v2/actions/runs/27425471829/job/81061951516
coverage	pending	0	https://github.com/arimendelow/spoonjoy-v2/actions/runs/27425471815/job/81061951335
e2e	pass	2m16s	https://github.com/arimendelow/spoonjoy-v2/actions/runs/27425471815/job/81061951316
Refreshing checks status every 10 seconds. Press Ctrl+C to quit.

build-storybook	pass	35s	https://github.com/arimendelow/spoonjoy-v2/actions/runs/27425471829/job/81061951516
coverage	pending	0	https://github.com/arimendelow/spoonjoy-v2/actions/runs/27425471815/job/81061951335
e2e	pass	2m16s	https://github.com/arimendelow/spoonjoy-v2/actions/runs/27425471815/job/81061951316
Refreshing checks status every 10 seconds. Press Ctrl+C to quit.

build-storybook	pass	35s	https://github.com/arimendelow/spoonjoy-v2/actions/runs/27425471829/job/81061951516
coverage	pending	0	https://github.com/arimendelow/spoonjoy-v2/actions/runs/27425471815/job/81061951335
e2e	pass	2m16s	https://github.com/arimendelow/spoonjoy-v2/actions/runs/27425471815/job/81061951316
Refreshing checks status every 10 seconds. Press Ctrl+C to quit.

build-storybook	pass	35s	https://github.com/arimendelow/spoonjoy-v2/actions/runs/27425471829/job/81061951516
coverage	pending	0	https://github.com/arimendelow/spoonjoy-v2/actions/runs/27425471815/job/81061951335
e2e	pass	2m16s	https://github.com/arimendelow/spoonjoy-v2/actions/runs/27425471815/job/81061951316
Refreshing checks status every 10 seconds. Press Ctrl+C to quit.

build-storybook	pass	35s	https://github.com/arimendelow/spoonjoy-v2/actions/runs/27425471829/job/81061951516
coverage	pending	0	https://github.com/arimendelow/spoonjoy-v2/actions/runs/27425471815/job/81061951335
e2e	pass	2m16s	https://github.com/arimendelow/spoonjoy-v2/actions/runs/27425471815/job/81061951316
Refreshing checks status every 10 seconds. Press Ctrl+C to quit.

build-storybook	pass	35s	https://github.com/arimendelow/spoonjoy-v2/actions/runs/27425471829/job/81061951516
coverage	pending	0	https://github.com/arimendelow/spoonjoy-v2/actions/runs/27425471815/job/81061951335
e2e	pass	2m16s	https://github.com/arimendelow/spoonjoy-v2/actions/runs/27425471815/job/81061951316
Refreshing checks status every 10 seconds. Press Ctrl+C to quit.

build-storybook	pass	35s	https://github.com/arimendelow/spoonjoy-v2/actions/runs/27425471829/job/81061951516
coverage	pending	0	https://github.com/arimendelow/spoonjoy-v2/actions/runs/27425471815/job/81061951335
e2e	pass	2m16s	https://github.com/arimendelow/spoonjoy-v2/actions/runs/27425471815/job/81061951316
Refreshing checks status every 10 seconds. Press Ctrl+C to quit.

build-storybook	pass	35s	https://github.com/arimendelow/spoonjoy-v2/actions/runs/27425471829/job/81061951516
coverage	pending	0	https://github.com/arimendelow/spoonjoy-v2/actions/runs/27425471815/job/81061951335
e2e	pass	2m16s	https://github.com/arimendelow/spoonjoy-v2/actions/runs/27425471815/job/81061951316
Refreshing checks status every 10 seconds. Press Ctrl+C to quit.

build-storybook	pass	35s	https://github.com/arimendelow/spoonjoy-v2/actions/runs/27425471829/job/81061951516
coverage	pending	0	https://github.com/arimendelow/spoonjoy-v2/actions/runs/27425471815/job/81061951335
e2e	pass	2m16s	https://github.com/arimendelow/spoonjoy-v2/actions/runs/27425471815/job/81061951316
Refreshing checks status every 10 seconds. Press Ctrl+C to quit.

build-storybook	pass	35s	https://github.com/arimendelow/spoonjoy-v2/actions/runs/27425471829/job/81061951516
coverage	pending	0	https://github.com/arimendelow/spoonjoy-v2/actions/runs/27425471815/job/81061951335
e2e	pass	2m16s	https://github.com/arimendelow/spoonjoy-v2/actions/runs/27425471815/job/81061951316
Refreshing checks status every 10 seconds. Press Ctrl+C to quit.

build-storybook	pass	35s	https://github.com/arimendelow/spoonjoy-v2/actions/runs/27425471829/job/81061951516
coverage	pending	0	https://github.com/arimendelow/spoonjoy-v2/actions/runs/27425471815/job/81061951335
e2e	pass	2m16s	https://github.com/arimendelow/spoonjoy-v2/actions/runs/27425471815/job/81061951316
Refreshing checks status every 10 seconds. Press Ctrl+C to quit.

build-storybook	pass	35s	https://github.com/arimendelow/spoonjoy-v2/actions/runs/27425471829/job/81061951516
coverage	pending	0	https://github.com/arimendelow/spoonjoy-v2/actions/runs/27425471815/job/81061951335
e2e	pass	2m16s	https://github.com/arimendelow/spoonjoy-v2/actions/runs/27425471815/job/81061951316
Refreshing checks status every 10 seconds. Press Ctrl+C to quit.

build-storybook	pass	35s	https://github.com/arimendelow/spoonjoy-v2/actions/runs/27425471829/job/81061951516
coverage	pending	0	https://github.com/arimendelow/spoonjoy-v2/actions/runs/27425471815/job/81061951335
e2e	pass	2m16s	https://github.com/arimendelow/spoonjoy-v2/actions/runs/27425471815/job/81061951316
Refreshing checks status every 10 seconds. Press Ctrl+C to quit.

build-storybook	pass	35s	https://github.com/arimendelow/spoonjoy-v2/actions/runs/27425471829/job/81061951516
coverage	pending	0	https://github.com/arimendelow/spoonjoy-v2/actions/runs/27425471815/job/81061951335
e2e	pass	2m16s	https://github.com/arimendelow/spoonjoy-v2/actions/runs/27425471815/job/81061951316
Refreshing checks status every 10 seconds. Press Ctrl+C to quit.

build-storybook	pass	35s	https://github.com/arimendelow/spoonjoy-v2/actions/runs/27425471829/job/81061951516
coverage	pending	0	https://github.com/arimendelow/spoonjoy-v2/actions/runs/27425471815/job/81061951335
e2e	pass	2m16s	https://github.com/arimendelow/spoonjoy-v2/actions/runs/27425471815/job/81061951316
Refreshing checks status every 10 seconds. Press Ctrl+C to quit.

build-storybook	pass	35s	https://github.com/arimendelow/spoonjoy-v2/actions/runs/27425471829/job/81061951516
coverage	pending	0	https://github.com/arimendelow/spoonjoy-v2/actions/runs/27425471815/job/81061951335
e2e	pass	2m16s	https://github.com/arimendelow/spoonjoy-v2/actions/runs/27425471815/job/81061951316
Refreshing checks status every 10 seconds. Press Ctrl+C to quit.

build-storybook	pass	35s	https://github.com/arimendelow/spoonjoy-v2/actions/runs/27425471829/job/81061951516
coverage	pending	0	https://github.com/arimendelow/spoonjoy-v2/actions/runs/27425471815/job/81061951335
e2e	pass	2m16s	https://github.com/arimendelow/spoonjoy-v2/actions/runs/27425471815/job/81061951316
Refreshing checks status every 10 seconds. Press Ctrl+C to quit.

build-storybook	pass	35s	https://github.com/arimendelow/spoonjoy-v2/actions/runs/27425471829/job/81061951516
coverage	pending	0	https://github.com/arimendelow/spoonjoy-v2/actions/runs/27425471815/job/81061951335
e2e	pass	2m16s	https://github.com/arimendelow/spoonjoy-v2/actions/runs/27425471815/job/81061951316
Refreshing checks status every 10 seconds. Press Ctrl+C to quit.

build-storybook	pass	35s	https://github.com/arimendelow/spoonjoy-v2/actions/runs/27425471829/job/81061951516
coverage	pending	0	https://github.com/arimendelow/spoonjoy-v2/actions/runs/27425471815/job/81061951335
e2e	pass	2m16s	https://github.com/arimendelow/spoonjoy-v2/actions/runs/27425471815/job/81061951316
build-storybook	pass	35s	https://github.com/arimendelow/spoonjoy-v2/actions/runs/27425471829/job/81061951516
coverage	pass	10m10s	https://github.com/arimendelow/spoonjoy-v2/actions/runs/27425471815/job/81061951335
e2e	pass	2m16s	https://github.com/arimendelow/spoonjoy-v2/actions/runs/27425471815/job/81061951316
build-storybook	pass	35s	https://github.com/arimendelow/spoonjoy-v2/actions/runs/27425471829/job/81061951516
coverage	pass	10m10s	https://github.com/arimendelow/spoonjoy-v2/actions/runs/27425471815/job/81061951335
e2e	pass	2m16s	https://github.com/arimendelow/spoonjoy-v2/actions/runs/27425471815/job/81061951316
