
> spoonjoy-v2@1.0.0 cleanup:production /Users/arimendelow/Projects/spoonjoy-v2
> node scripts/cleanup-local-qa-data.mjs --target-env production

Target environment: production
Base URL: https://spoonjoy.app
D1 target: production D1 spoonjoy (--remote)
R2 target: production R2 spoonjoy-photos (--remote)
Destructive scope: production read-only by default; exact smoke cleanup only
Production cleanup is read-only for broad disposable sweeps.
Dry run only. Production broad cleanup is read-only.

 ⛅️ wrangler 4.90.0 (update available 4.100.0)
──────────────────────────────────────────────
Resource location: remote

🌀 Executing on remote database DB (32cb0e04-c45b-4cd2-a798-556556ae288d):
🌀 To execute on your local development database, remove the --remote flag from your wrangler command.
🚣 Executed 8 commands in 4.86ms
[
  {
    "results": [
      {
        "item": "hard-delete recipes owned by disposable users",
        "count": 0
      }
    ],
    "success": true,
    "meta": {
      "served_by": "v3-prod",
      "served_by_region": "WNAM",
      "served_by_colo": "SEA",
      "served_by_primary": true,
      "timings": {
        "sql_duration_ms": 0.359
      },
      "duration": 0.359,
      "changes": 0,
      "last_row_id": 0,
      "changed_db": false,
      "size_after": 4755456,
      "rows_read": 44,
      "rows_written": 0,
      "total_attempts": 1
    }
  },
  {
    "results": [
      {
        "item": "soft-delete suspicious recipes owned by non-disposable users",
        "count": 0
      }
    ],
    "success": true,
    "meta": {
      "served_by": "v3-prod",
      "served_by_region": "WNAM",
      "served_by_colo": "SEA",
      "served_by_primary": true,
      "timings": {
        "sql_duration_ms": 0.6134
      },
      "duration": 0.6134,
      "changes": 0,
      "last_row_id": 0,
      "changed_db": false,
      "size_after": 4755456,
      "rows_read": 295,
      "rows_written": 0,
      "total_attempts": 1
    }
  },
  {
    "results": [
      {
        "item": "active suspicious recipes",
        "count": 0
      }
    ],
    "success": true,
    "meta": {
      "served_by": "v3-prod",
      "served_by_region": "WNAM",
      "served_by_colo": "SEA",
      "served_by_primary": true,
      "timings": {
        "sql_duration_ms": 0.2651
      },
      "duration": 0.2651,
      "changes": 0,
      "last_row_id": 0,
      "changed_db": false,
      "size_after": 4755456,
      "rows_read": 295,
      "rows_written": 0,
      "total_attempts": 1
    }
  },
  {
    "results": [
      {
        "item": "already deleted suspicious recipes",
        "count": 0
      }
    ],
    "success": true,
    "meta": {
      "served_by": "v3-prod",
      "served_by_region": "WNAM",
      "served_by_colo": "SEA",
      "served_by_primary": true,
      "timings": {
        "sql_duration_ms": 0.2748
      },
      "duration": 0.2748,
      "changes": 0,
      "last_row_id": 0,
      "changed_db": false,
      "size_after": 4755456,
      "rows_read": 295,
      "rows_written": 0,
      "total_attempts": 1
    }
  },
  {
    "results": [
      {
        "item": "disposable users",
        "count": 0
      }
    ],
    "success": true,
    "meta": {
      "served_by": "v3-prod",
      "served_by_region": "WNAM",
      "served_by_colo": "SEA",
      "served_by_primary": true,
      "timings": {
        "sql_duration_ms": 0.1676
      },
      "duration": 0.1676,
      "changes": 0,
      "last_row_id": 0,
      "changed_db": false,
      "size_after": 4755456,
      "rows_read": 43,
      "rows_written": 0,
      "total_attempts": 1
    }
  },
  {
    "results": [
      {
        "item": "disposable spoons by chef or note",
        "count": 0
      }
    ],
    "success": true,
    "meta": {
      "served_by": "v3-prod",
      "served_by_region": "WNAM",
      "served_by_colo": "SEA",
      "served_by_primary": true,
      "timings": {
        "sql_duration_ms": 0.2333
      },
      "duration": 0.2333,
      "changes": 0,
      "last_row_id": 0,
      "changed_db": false,
      "size_after": 4755456,
      "rows_read": 46,
      "rows_written": 0,
      "total_attempts": 1
    }
  },
  {
    "results": [
      {
        "item": "e2e oauth clients with test redirect signature",
        "count": 0
      }
    ],
    "success": true,
    "meta": {
      "served_by": "v3-prod",
      "served_by_region": "WNAM",
      "served_by_colo": "SEA",
      "served_by_primary": true,
      "timings": {
        "sql_duration_ms": 0.087
      },
      "duration": 0.087,
      "changes": 0,
      "last_row_id": 0,
      "changed_db": false,
      "size_after": 4755456,
      "rows_read": 33,
      "rows_written": 0,
      "total_attempts": 1
    }
  },
  {
    "results": [
      {
        "item": "cross-boundary cleanup blockers",
        "count": 0
      }
    ],
    "success": true,
    "meta": {
      "served_by": "v3-prod",
      "served_by_region": "WNAM",
      "served_by_colo": "SEA",
      "served_by_primary": true,
      "timings": {
        "sql_duration_ms": 2.8552
      },
      "duration": 2.8552,
      "changes": 0,
      "last_row_id": 0,
      "changed_db": false,
      "size_after": 4755456,
      "rows_read": 1297,
      "rows_written": 0,
      "total_attempts": 1
    }
  }
]
