
> spoonjoy-v2@1.0.0 cleanup:remote:qa /Users/arimendelow/Projects/spoonjoy-v2
> node scripts/cleanup-local-qa-data.mjs --target-env qa

Target environment: qa
Base URL: https://spoonjoy-v2-qa.mendelow-studio.workers.dev
D1 target: QA D1 spoonjoy-qa (--remote --env qa)
R2 target: QA R2 spoonjoy-photos-qa (--remote)
Destructive scope: QA disposable test data only
Dry run only. Pass --apply to mutate exact validated disposable QA D1/R2 data.

 ⛅️ wrangler 4.90.0 (update available 4.100.0)
──────────────────────────────────────────────
Resource location: remote

🌀 Executing on remote database DB (c6c99e80-bd51-4cf2-b7c7-b7a6e27d3f34):
🌀 To execute on your local development database, remove the --remote flag from your wrangler command.
🚣 Executed 8 commands in 4.85ms
[
  {
    "results": [
      {
        "item": "hard-delete recipes owned by disposable users",
        "count": 0
      }
    ],
    "success": true,
    "meta": {
      "served_by": "v3-prod",
      "served_by_region": "WNAM",
      "served_by_colo": "SEA",
      "served_by_primary": true,
      "timings": {
        "sql_duration_ms": 0.3227
      },
      "duration": 0.3227,
      "changes": 0,
      "last_row_id": 0,
      "changed_db": false,
      "size_after": 577536,
      "rows_read": 6,
      "rows_written": 0,
      "total_attempts": 1
    }
  },
  {
    "results": [
      {
        "item": "soft-delete suspicious recipes owned by non-disposable users",
        "count": 0
      }
    ],
    "success": true,
    "meta": {
      "served_by": "v3-prod",
      "served_by_region": "WNAM",
      "served_by_colo": "SEA",
      "served_by_primary": true,
      "timings": {
        "sql_duration_ms": 0.3898
      },
      "duration": 0.3898,
      "changes": 0,
      "last_row_id": 0,
      "changed_db": false,
      "size_after": 577536,
      "rows_read": 9,
      "rows_written": 0,
      "total_attempts": 1
    }
  },
  {
    "results": [
      {
        "item": "active suspicious recipes",
        "count": 0
      }
    ],
    "success": true,
    "meta": {
      "served_by": "v3-prod",
      "served_by_region": "WNAM",
      "served_by_colo": "SEA",
      "served_by_primary": true,
      "timings": {
        "sql_duration_ms": 0.1082
      },
      "duration": 0.1082,
      "changes": 0,
      "last_row_id": 0,
      "changed_db": false,
      "size_after": 577536,
      "rows_read": 9,
      "rows_written": 0,
      "total_attempts": 1
    }
  },
  {
    "results": [
      {
        "item": "already deleted suspicious recipes",
        "count": 0
      }
    ],
    "success": true,
    "meta": {
      "served_by": "v3-prod",
      "served_by_region": "WNAM",
      "served_by_colo": "SEA",
      "served_by_primary": true,
      "timings": {
        "sql_duration_ms": 0.0967
      },
      "duration": 0.0967,
      "changes": 0,
      "last_row_id": 0,
      "changed_db": false,
      "size_after": 577536,
      "rows_read": 9,
      "rows_written": 0,
      "total_attempts": 1
    }
  },
  {
    "results": [
      {
        "item": "disposable users",
        "count": 0
      }
    ],
    "success": true,
    "meta": {
      "served_by": "v3-prod",
      "served_by_region": "WNAM",
      "served_by_colo": "SEA",
      "served_by_primary": true,
      "timings": {
        "sql_duration_ms": 0.1705
      },
      "duration": 0.1705,
      "changes": 0,
      "last_row_id": 0,
      "changed_db": false,
      "size_after": 577536,
      "rows_read": 5,
      "rows_written": 0,
      "total_attempts": 1
    }
  },
  {
    "results": [
      {
        "item": "disposable spoons by chef or note",
        "count": 0
      }
    ],
    "success": true,
    "meta": {
      "served_by": "v3-prod",
      "served_by_region": "WNAM",
      "served_by_colo": "SEA",
      "served_by_primary": true,
      "timings": {
        "sql_duration_ms": 0.2316
      },
      "duration": 0.2316,
      "changes": 0,
      "last_row_id": 0,
      "changed_db": false,
      "size_after": 577536,
      "rows_read": 1,
      "rows_written": 0,
      "total_attempts": 1
    }
  },
  {
    "results": [
      {
        "item": "e2e oauth clients with test redirect signature",
        "count": 0
      }
    ],
    "success": true,
    "meta": {
      "served_by": "v3-prod",
      "served_by_region": "WNAM",
      "served_by_colo": "SEA",
      "served_by_primary": true,
      "timings": {
        "sql_duration_ms": 0.1653
      },
      "duration": 0.1653,
      "changes": 0,
      "last_row_id": 0,
      "changed_db": false,
      "size_after": 577536,
      "rows_read": 1,
      "rows_written": 0,
      "total_attempts": 1
    }
  },
  {
    "results": [
      {
        "item": "cross-boundary cleanup blockers",
        "count": 0
      }
    ],
    "success": true,
    "meta": {
      "served_by": "v3-prod",
      "served_by_region": "WNAM",
      "served_by_colo": "SEA",
      "served_by_primary": true,
      "timings": {
        "sql_duration_ms": 3.3699
      },
      "duration": 3.3699,
      "changes": 0,
      "last_row_id": 0,
      "changed_db": false,
      "size_after": 577536,
      "rows_read": 84,
      "rows_written": 0,
      "total_attempts": 1
    }
  }
]
