
 RUN  v4.0.18 /Users/arimendelow/Projects/spoonjoy-v2
      Coverage enabled with istanbul

stdout | test/scripts/smoke-api-live.test.ts > API live smoke target handling > writes environment metadata into API smoke artifacts
/var/folders/md/_fkq3wc92_z55cgtlrfrcfh40000gn/T/spoonjoy-api-smoke-KI8PNW/api-smoke-results.json

 ✓ test/scripts/smoke-api-live.test.ts (3 tests) 293ms
 ✓ test/scripts/smoke-image-cover-live.test.ts (35 tests) 54ms
 ✓ test/scripts/smoke-live-helpers.test.ts (25 tests) 31ms

 Test Files  3 passed (3)
      Tests  63 passed (63)
   Start at  07:16:44
   Duration  1.58s (transform 415ms, setup 183ms, import 175ms, tests 378ms, environment 453ms)

 % Coverage report from istanbul
-------------------|---------|----------|---------|---------|-------------------
File               | % Stmts | % Branch | % Funcs | % Lines | Uncovered Line #s
-------------------|---------|----------|---------|---------|-------------------
All files          |     100 |      100 |     100 |     100 |
 ...e-api-live.mjs |     100 |      100 |     100 |     100 |
 ...cover-live.mjs |     100 |      100 |     100 |     100 |
 ...ve-helpers.mjs |     100 |      100 |     100 |     100 |
-------------------|---------|----------|---------|---------|-------------------
