
> spoonjoy-v2@1.0.0 verify:clean:test:coverage /Users/arimendelow/Projects/spoonjoy-v2-native-search-telemetry
> node scripts/run-with-warning-policy.mjs -- pnpm run test:coverage


> spoonjoy-v2@1.0.0 test:coverage /Users/arimendelow/Projects/spoonjoy-v2-native-search-telemetry
> tsx scripts/warning-gate.ts -- pnpm run api:playground:generate --then pnpm exec vitest run --coverage --fileParallelism=false


> spoonjoy-v2@1.0.0 api:playground:generate /Users/arimendelow/Projects/spoonjoy-v2-native-search-telemetry
> tsx scripts/generate-api-playground.ts

Generated app/lib/generated/api-v1-playground.ts

 RUN  v4.1.10 /Users/arimendelow/Projects/spoonjoy-v2-native-search-telemetry
      Coverage enabled with istanbul

direct clean child

 Test Files  375 passed (375)
      Tests  8114 passed (8114)
   Start at  14:10:32
   Duration  849.50s (transform 67.03s, setup 49.87s, import 210.16s, tests 379.53s, environment 113.25s)

 % Coverage report from istanbul
-------------------|---------|----------|---------|---------|-------------------
File               | % Stmts | % Branch | % Funcs | % Lines | Uncovered Line #s 
-------------------|---------|----------|---------|---------|-------------------
-------------------|---------|----------|---------|---------|-------------------

=============================== Coverage summary ===============================
Statements   : 100% ( 19298/19298 )
Branches     : 100% ( 15296/15296 )
Functions    : 100% ( 3828/3828 )
Lines        : 100% ( 17729/17729 )
================================================================================
