head=8a85a9b2821d99d13c3bc7db50e9243df61324f8
base=d50b8ff5730c68597f6b80077df799927a56e3bf
status=clean
diff_check=clean
changed_files:
app/lib/api-v1-openapi.server.ts
app/lib/api-v1.server.ts
app/lib/generated/api-v1-playground.ts
test/lib/api-v1-openapi.server.test.ts
test/routes/api-v1-native-telemetry.test.ts
worker/tasks/2026-07-21-1353-doing-native-search-telemetry.md
worker/tasks/2026-07-21-1353-doing-native-search-telemetry/.gitkeep
worker/tasks/2026-07-21-1353-doing-native-search-telemetry/unit-0-baseline.md
worker/tasks/2026-07-21-1353-doing-native-search-telemetry/unit-0-focused.log
worker/tasks/2026-07-21-1353-doing-native-search-telemetry/unit-0-prisma-push.log
worker/tasks/2026-07-21-1353-doing-native-search-telemetry/unit-0-provenance.log
worker/tasks/2026-07-21-1353-doing-native-search-telemetry/unit-1a-red.log
worker/tasks/2026-07-21-1353-doing-native-search-telemetry/unit-1b-build.log
worker/tasks/2026-07-21-1353-doing-native-search-telemetry/unit-1b-focused.log
worker/tasks/2026-07-21-1353-doing-native-search-telemetry/unit-1b-generate.log
worker/tasks/2026-07-21-1353-doing-native-search-telemetry/unit-1b-generated-contract.log
worker/tasks/2026-07-21-1353-doing-native-search-telemetry/unit-1b-typecheck-scripts.log
worker/tasks/2026-07-21-1353-doing-native-search-telemetry/unit-1b-typecheck.log
worker/tasks/2026-07-21-1353-doing-native-search-telemetry/unit-1c-app-coverage.log
worker/tasks/2026-07-21-1353-doing-native-search-telemetry/unit-1c-verification.md
worker/tasks/2026-07-21-1353-doing-native-search-telemetry/unit-1c-workers-coverage.log
worker/tasks/2026-07-21-1353-planning-native-search-telemetry.md
raw_query_runtime_allowlist=clean
restricted_surface_diff=clean
