Refreshing checks status every 10 seconds. Press Ctrl+C to quit.

build-storybook	pending	0	https://github.com/arimendelow/spoonjoy-v2/actions/runs/27387983294/job/80939160763
coverage	pending	0	https://github.com/arimendelow/spoonjoy-v2/actions/runs/27387983304/job/80939160682
e2e	pending	0	https://github.com/arimendelow/spoonjoy-v2/actions/runs/27387983304/job/80939160689
Refreshing checks status every 10 seconds. Press Ctrl+C to quit.

build-storybook	pending	0	https://github.com/arimendelow/spoonjoy-v2/actions/runs/27387983294/job/80939160763
coverage	pending	0	https://github.com/arimendelow/spoonjoy-v2/actions/runs/27387983304/job/80939160682
e2e	pending	0	https://github.com/arimendelow/spoonjoy-v2/actions/runs/27387983304/job/80939160689
Refreshing checks status every 10 seconds. Press Ctrl+C to quit.

deploy-storybook	skipping	0	https://github.com/arimendelow/spoonjoy-v2/actions/runs/27387983294/job/80939230760
coverage	pending	0	https://github.com/arimendelow/spoonjoy-v2/actions/runs/27387983304/job/80939160682
build-storybook	pass	36s	https://github.com/arimendelow/spoonjoy-v2/actions/runs/27387983294/job/80939160763
e2e	pending	0	https://github.com/arimendelow/spoonjoy-v2/actions/runs/27387983304/job/80939160689
Refreshing checks status every 10 seconds. Press Ctrl+C to quit.

deploy-storybook	skipping	0	https://github.com/arimendelow/spoonjoy-v2/actions/runs/27387983294/job/80939230760
coverage	pending	0	https://github.com/arimendelow/spoonjoy-v2/actions/runs/27387983304/job/80939160682
build-storybook	pass	36s	https://github.com/arimendelow/spoonjoy-v2/actions/runs/27387983294/job/80939160763
e2e	pending	0	https://github.com/arimendelow/spoonjoy-v2/actions/runs/27387983304/job/80939160689
Refreshing checks status every 10 seconds. Press Ctrl+C to quit.

deploy-storybook	skipping	0	https://github.com/arimendelow/spoonjoy-v2/actions/runs/27387983294/job/80939230760
coverage	pending	0	https://github.com/arimendelow/spoonjoy-v2/actions/runs/27387983304/job/80939160682
build-storybook	pass	36s	https://github.com/arimendelow/spoonjoy-v2/actions/runs/27387983294/job/80939160763
e2e	pending	0	https://github.com/arimendelow/spoonjoy-v2/actions/runs/27387983304/job/80939160689
Refreshing checks status every 10 seconds. Press Ctrl+C to quit.

deploy-storybook	skipping	0	https://github.com/arimendelow/spoonjoy-v2/actions/runs/27387983294/job/80939230760
coverage	pending	0	https://github.com/arimendelow/spoonjoy-v2/actions/runs/27387983304/job/80939160682
build-storybook	pass	36s	https://github.com/arimendelow/spoonjoy-v2/actions/runs/27387983294/job/80939160763
e2e	pending	0	https://github.com/arimendelow/spoonjoy-v2/actions/runs/27387983304/job/80939160689
Refreshing checks status every 10 seconds. Press Ctrl+C to quit.

deploy-storybook	skipping	0	https://github.com/arimendelow/spoonjoy-v2/actions/runs/27387983294/job/80939230760
coverage	pending	0	https://github.com/arimendelow/spoonjoy-v2/actions/runs/27387983304/job/80939160682
build-storybook	pass	36s	https://github.com/arimendelow/spoonjoy-v2/actions/runs/27387983294/job/80939160763
e2e	pending	0	https://github.com/arimendelow/spoonjoy-v2/actions/runs/27387983304/job/80939160689
Refreshing checks status every 10 seconds. Press Ctrl+C to quit.

deploy-storybook	skipping	0	https://github.com/arimendelow/spoonjoy-v2/actions/runs/27387983294/job/80939230760
coverage	pending	0	https://github.com/arimendelow/spoonjoy-v2/actions/runs/27387983304/job/80939160682
build-storybook	pass	36s	https://github.com/arimendelow/spoonjoy-v2/actions/runs/27387983294/job/80939160763
e2e	pending	0	https://github.com/arimendelow/spoonjoy-v2/actions/runs/27387983304/job/80939160689
Refreshing checks status every 10 seconds. Press Ctrl+C to quit.

deploy-storybook	skipping	0	https://github.com/arimendelow/spoonjoy-v2/actions/runs/27387983294/job/80939230760
coverage	pending	0	https://github.com/arimendelow/spoonjoy-v2/actions/runs/27387983304/job/80939160682
build-storybook	pass	36s	https://github.com/arimendelow/spoonjoy-v2/actions/runs/27387983294/job/80939160763
e2e	pending	0	https://github.com/arimendelow/spoonjoy-v2/actions/runs/27387983304/job/80939160689
Refreshing checks status every 10 seconds. Press Ctrl+C to quit.

deploy-storybook	skipping	0	https://github.com/arimendelow/spoonjoy-v2/actions/runs/27387983294/job/80939230760
coverage	pending	0	https://github.com/arimendelow/spoonjoy-v2/actions/runs/27387983304/job/80939160682
build-storybook	pass	36s	https://github.com/arimendelow/spoonjoy-v2/actions/runs/27387983294/job/80939160763
e2e	pending	0	https://github.com/arimendelow/spoonjoy-v2/actions/runs/27387983304/job/80939160689
Refreshing checks status every 10 seconds. Press Ctrl+C to quit.

deploy-storybook	skipping	0	https://github.com/arimendelow/spoonjoy-v2/actions/runs/27387983294/job/80939230760
coverage	pending	0	https://github.com/arimendelow/spoonjoy-v2/actions/runs/27387983304/job/80939160682
build-storybook	pass	36s	https://github.com/arimendelow/spoonjoy-v2/actions/runs/27387983294/job/80939160763
e2e	pending	0	https://github.com/arimendelow/spoonjoy-v2/actions/runs/27387983304/job/80939160689
Refreshing checks status every 10 seconds. Press Ctrl+C to quit.

deploy-storybook	skipping	0	https://github.com/arimendelow/spoonjoy-v2/actions/runs/27387983294/job/80939230760
coverage	pending	0	https://github.com/arimendelow/spoonjoy-v2/actions/runs/27387983304/job/80939160682
build-storybook	pass	36s	https://github.com/arimendelow/spoonjoy-v2/actions/runs/27387983294/job/80939160763
e2e	pass	2m17s	https://github.com/arimendelow/spoonjoy-v2/actions/runs/27387983304/job/80939160689
Refreshing checks status every 10 seconds. Press Ctrl+C to quit.

deploy-storybook	skipping	0	https://github.com/arimendelow/spoonjoy-v2/actions/runs/27387983294/job/80939230760
coverage	pending	0	https://github.com/arimendelow/spoonjoy-v2/actions/runs/27387983304/job/80939160682
build-storybook	pass	36s	https://github.com/arimendelow/spoonjoy-v2/actions/runs/27387983294/job/80939160763
e2e	pass	2m17s	https://github.com/arimendelow/spoonjoy-v2/actions/runs/27387983304/job/80939160689
Refreshing checks status every 10 seconds. Press Ctrl+C to quit.

deploy-storybook	skipping	0	https://github.com/arimendelow/spoonjoy-v2/actions/runs/27387983294/job/80939230760
coverage	pending	0	https://github.com/arimendelow/spoonjoy-v2/actions/runs/27387983304/job/80939160682
build-storybook	pass	36s	https://github.com/arimendelow/spoonjoy-v2/actions/runs/27387983294/job/80939160763
e2e	pass	2m17s	https://github.com/arimendelow/spoonjoy-v2/actions/runs/27387983304/job/80939160689
Refreshing checks status every 10 seconds. Press Ctrl+C to quit.

deploy-storybook	skipping	0	https://github.com/arimendelow/spoonjoy-v2/actions/runs/27387983294/job/80939230760
coverage	pending	0	https://github.com/arimendelow/spoonjoy-v2/actions/runs/27387983304/job/80939160682
build-storybook	pass	36s	https://github.com/arimendelow/spoonjoy-v2/actions/runs/27387983294/job/80939160763
e2e	pass	2m17s	https://github.com/arimendelow/spoonjoy-v2/actions/runs/27387983304/job/80939160689
Refreshing checks status every 10 seconds. Press Ctrl+C to quit.

deploy-storybook	skipping	0	https://github.com/arimendelow/spoonjoy-v2/actions/runs/27387983294/job/80939230760
coverage	pending	0	https://github.com/arimendelow/spoonjoy-v2/actions/runs/27387983304/job/80939160682
build-storybook	pass	36s	https://github.com/arimendelow/spoonjoy-v2/actions/runs/27387983294/job/80939160763
e2e	pass	2m17s	https://github.com/arimendelow/spoonjoy-v2/actions/runs/27387983304/job/80939160689
Refreshing checks status every 10 seconds. Press Ctrl+C to quit.

deploy-storybook	skipping	0	https://github.com/arimendelow/spoonjoy-v2/actions/runs/27387983294/job/80939230760
coverage	pending	0	https://github.com/arimendelow/spoonjoy-v2/actions/runs/27387983304/job/80939160682
build-storybook	pass	36s	https://github.com/arimendelow/spoonjoy-v2/actions/runs/27387983294/job/80939160763
e2e	pass	2m17s	https://github.com/arimendelow/spoonjoy-v2/actions/runs/27387983304/job/80939160689
Refreshing checks status every 10 seconds. Press Ctrl+C to quit.

deploy-storybook	skipping	0	https://github.com/arimendelow/spoonjoy-v2/actions/runs/27387983294/job/80939230760
coverage	pending	0	https://github.com/arimendelow/spoonjoy-v2/actions/runs/27387983304/job/80939160682
build-storybook	pass	36s	https://github.com/arimendelow/spoonjoy-v2/actions/runs/27387983294/job/80939160763
e2e	pass	2m17s	https://github.com/arimendelow/spoonjoy-v2/actions/runs/27387983304/job/80939160689
Refreshing checks status every 10 seconds. Press Ctrl+C to quit.

deploy-storybook	skipping	0	https://github.com/arimendelow/spoonjoy-v2/actions/runs/27387983294/job/80939230760
coverage	pending	0	https://github.com/arimendelow/spoonjoy-v2/actions/runs/27387983304/job/80939160682
build-storybook	pass	36s	https://github.com/arimendelow/spoonjoy-v2/actions/runs/27387983294/job/80939160763
e2e	pass	2m17s	https://github.com/arimendelow/spoonjoy-v2/actions/runs/27387983304/job/80939160689
Refreshing checks status every 10 seconds. Press Ctrl+C to quit.

deploy-storybook	skipping	0	https://github.com/arimendelow/spoonjoy-v2/actions/runs/27387983294/job/80939230760
coverage	pending	0	https://github.com/arimendelow/spoonjoy-v2/actions/runs/27387983304/job/80939160682
build-storybook	pass	36s	https://github.com/arimendelow/spoonjoy-v2/actions/runs/27387983294/job/80939160763
e2e	pass	2m17s	https://github.com/arimendelow/spoonjoy-v2/actions/runs/27387983304/job/80939160689
Refreshing checks status every 10 seconds. Press Ctrl+C to quit.

deploy-storybook	skipping	0	https://github.com/arimendelow/spoonjoy-v2/actions/runs/27387983294/job/80939230760
coverage	pending	0	https://github.com/arimendelow/spoonjoy-v2/actions/runs/27387983304/job/80939160682
build-storybook	pass	36s	https://github.com/arimendelow/spoonjoy-v2/actions/runs/27387983294/job/80939160763
e2e	pass	2m17s	https://github.com/arimendelow/spoonjoy-v2/actions/runs/27387983304/job/80939160689
Refreshing checks status every 10 seconds. Press Ctrl+C to quit.

deploy-storybook	skipping	0	https://github.com/arimendelow/spoonjoy-v2/actions/runs/27387983294/job/80939230760
coverage	pending	0	https://github.com/arimendelow/spoonjoy-v2/actions/runs/27387983304/job/80939160682
build-storybook	pass	36s	https://github.com/arimendelow/spoonjoy-v2/actions/runs/27387983294/job/80939160763
e2e	pass	2m17s	https://github.com/arimendelow/spoonjoy-v2/actions/runs/27387983304/job/80939160689
Refreshing checks status every 10 seconds. Press Ctrl+C to quit.

deploy-storybook	skipping	0	https://github.com/arimendelow/spoonjoy-v2/actions/runs/27387983294/job/80939230760
coverage	pending	0	https://github.com/arimendelow/spoonjoy-v2/actions/runs/27387983304/job/80939160682
build-storybook	pass	36s	https://github.com/arimendelow/spoonjoy-v2/actions/runs/27387983294/job/80939160763
e2e	pass	2m17s	https://github.com/arimendelow/spoonjoy-v2/actions/runs/27387983304/job/80939160689
Refreshing checks status every 10 seconds. Press Ctrl+C to quit.

deploy-storybook	skipping	0	https://github.com/arimendelow/spoonjoy-v2/actions/runs/27387983294/job/80939230760
coverage	pending	0	https://github.com/arimendelow/spoonjoy-v2/actions/runs/27387983304/job/80939160682
build-storybook	pass	36s	https://github.com/arimendelow/spoonjoy-v2/actions/runs/27387983294/job/80939160763
e2e	pass	2m17s	https://github.com/arimendelow/spoonjoy-v2/actions/runs/27387983304/job/80939160689
Refreshing checks status every 10 seconds. Press Ctrl+C to quit.

deploy-storybook	skipping	0	https://github.com/arimendelow/spoonjoy-v2/actions/runs/27387983294/job/80939230760
coverage	pending	0	https://github.com/arimendelow/spoonjoy-v2/actions/runs/27387983304/job/80939160682
build-storybook	pass	36s	https://github.com/arimendelow/spoonjoy-v2/actions/runs/27387983294/job/80939160763
e2e	pass	2m17s	https://github.com/arimendelow/spoonjoy-v2/actions/runs/27387983304/job/80939160689
Refreshing checks status every 10 seconds. Press Ctrl+C to quit.

deploy-storybook	skipping	0	https://github.com/arimendelow/spoonjoy-v2/actions/runs/27387983294/job/80939230760
coverage	pending	0	https://github.com/arimendelow/spoonjoy-v2/actions/runs/27387983304/job/80939160682
build-storybook	pass	36s	https://github.com/arimendelow/spoonjoy-v2/actions/runs/27387983294/job/80939160763
e2e	pass	2m17s	https://github.com/arimendelow/spoonjoy-v2/actions/runs/27387983304/job/80939160689
Refreshing checks status every 10 seconds. Press Ctrl+C to quit.

deploy-storybook	skipping	0	https://github.com/arimendelow/spoonjoy-v2/actions/runs/27387983294/job/80939230760
coverage	pending	0	https://github.com/arimendelow/spoonjoy-v2/actions/runs/27387983304/job/80939160682
build-storybook	pass	36s	https://github.com/arimendelow/spoonjoy-v2/actions/runs/27387983294/job/80939160763
e2e	pass	2m17s	https://github.com/arimendelow/spoonjoy-v2/actions/runs/27387983304/job/80939160689
Refreshing checks status every 10 seconds. Press Ctrl+C to quit.

deploy-storybook	skipping	0	https://github.com/arimendelow/spoonjoy-v2/actions/runs/27387983294/job/80939230760
coverage	pending	0	https://github.com/arimendelow/spoonjoy-v2/actions/runs/27387983304/job/80939160682
build-storybook	pass	36s	https://github.com/arimendelow/spoonjoy-v2/actions/runs/27387983294/job/80939160763
e2e	pass	2m17s	https://github.com/arimendelow/spoonjoy-v2/actions/runs/27387983304/job/80939160689
Refreshing checks status every 10 seconds. Press Ctrl+C to quit.

deploy-storybook	skipping	0	https://github.com/arimendelow/spoonjoy-v2/actions/runs/27387983294/job/80939230760
coverage	pending	0	https://github.com/arimendelow/spoonjoy-v2/actions/runs/27387983304/job/80939160682
build-storybook	pass	36s	https://github.com/arimendelow/spoonjoy-v2/actions/runs/27387983294/job/80939160763
e2e	pass	2m17s	https://github.com/arimendelow/spoonjoy-v2/actions/runs/27387983304/job/80939160689
Refreshing checks status every 10 seconds. Press Ctrl+C to quit.

deploy-storybook	skipping	0	https://github.com/arimendelow/spoonjoy-v2/actions/runs/27387983294/job/80939230760
coverage	pending	0	https://github.com/arimendelow/spoonjoy-v2/actions/runs/27387983304/job/80939160682
build-storybook	pass	36s	https://github.com/arimendelow/spoonjoy-v2/actions/runs/27387983294/job/80939160763
e2e	pass	2m17s	https://github.com/arimendelow/spoonjoy-v2/actions/runs/27387983304/job/80939160689
Refreshing checks status every 10 seconds. Press Ctrl+C to quit.

deploy-storybook	skipping	0	https://github.com/arimendelow/spoonjoy-v2/actions/runs/27387983294/job/80939230760
coverage	pending	0	https://github.com/arimendelow/spoonjoy-v2/actions/runs/27387983304/job/80939160682
build-storybook	pass	36s	https://github.com/arimendelow/spoonjoy-v2/actions/runs/27387983294/job/80939160763
e2e	pass	2m17s	https://github.com/arimendelow/spoonjoy-v2/actions/runs/27387983304/job/80939160689
Refreshing checks status every 10 seconds. Press Ctrl+C to quit.

deploy-storybook	skipping	0	https://github.com/arimendelow/spoonjoy-v2/actions/runs/27387983294/job/80939230760
coverage	pending	0	https://github.com/arimendelow/spoonjoy-v2/actions/runs/27387983304/job/80939160682
build-storybook	pass	36s	https://github.com/arimendelow/spoonjoy-v2/actions/runs/27387983294/job/80939160763
e2e	pass	2m17s	https://github.com/arimendelow/spoonjoy-v2/actions/runs/27387983304/job/80939160689
Refreshing checks status every 10 seconds. Press Ctrl+C to quit.

deploy-storybook	skipping	0	https://github.com/arimendelow/spoonjoy-v2/actions/runs/27387983294/job/80939230760
coverage	pending	0	https://github.com/arimendelow/spoonjoy-v2/actions/runs/27387983304/job/80939160682
build-storybook	pass	36s	https://github.com/arimendelow/spoonjoy-v2/actions/runs/27387983294/job/80939160763
e2e	pass	2m17s	https://github.com/arimendelow/spoonjoy-v2/actions/runs/27387983304/job/80939160689
Refreshing checks status every 10 seconds. Press Ctrl+C to quit.

deploy-storybook	skipping	0	https://github.com/arimendelow/spoonjoy-v2/actions/runs/27387983294/job/80939230760
coverage	pending	0	https://github.com/arimendelow/spoonjoy-v2/actions/runs/27387983304/job/80939160682
build-storybook	pass	36s	https://github.com/arimendelow/spoonjoy-v2/actions/runs/27387983294/job/80939160763
e2e	pass	2m17s	https://github.com/arimendelow/spoonjoy-v2/actions/runs/27387983304/job/80939160689
Refreshing checks status every 10 seconds. Press Ctrl+C to quit.

deploy-storybook	skipping	0	https://github.com/arimendelow/spoonjoy-v2/actions/runs/27387983294/job/80939230760
coverage	pending	0	https://github.com/arimendelow/spoonjoy-v2/actions/runs/27387983304/job/80939160682
build-storybook	pass	36s	https://github.com/arimendelow/spoonjoy-v2/actions/runs/27387983294/job/80939160763
e2e	pass	2m17s	https://github.com/arimendelow/spoonjoy-v2/actions/runs/27387983304/job/80939160689
Refreshing checks status every 10 seconds. Press Ctrl+C to quit.

deploy-storybook	skipping	0	https://github.com/arimendelow/spoonjoy-v2/actions/runs/27387983294/job/80939230760
coverage	pending	0	https://github.com/arimendelow/spoonjoy-v2/actions/runs/27387983304/job/80939160682
build-storybook	pass	36s	https://github.com/arimendelow/spoonjoy-v2/actions/runs/27387983294/job/80939160763
e2e	pass	2m17s	https://github.com/arimendelow/spoonjoy-v2/actions/runs/27387983304/job/80939160689
Refreshing checks status every 10 seconds. Press Ctrl+C to quit.

deploy-storybook	skipping	0	https://github.com/arimendelow/spoonjoy-v2/actions/runs/27387983294/job/80939230760
coverage	pending	0	https://github.com/arimendelow/spoonjoy-v2/actions/runs/27387983304/job/80939160682
build-storybook	pass	36s	https://github.com/arimendelow/spoonjoy-v2/actions/runs/27387983294/job/80939160763
e2e	pass	2m17s	https://github.com/arimendelow/spoonjoy-v2/actions/runs/27387983304/job/80939160689
Refreshing checks status every 10 seconds. Press Ctrl+C to quit.

deploy-storybook	skipping	0	https://github.com/arimendelow/spoonjoy-v2/actions/runs/27387983294/job/80939230760
coverage	pending	0	https://github.com/arimendelow/spoonjoy-v2/actions/runs/27387983304/job/80939160682
build-storybook	pass	36s	https://github.com/arimendelow/spoonjoy-v2/actions/runs/27387983294/job/80939160763
e2e	pass	2m17s	https://github.com/arimendelow/spoonjoy-v2/actions/runs/27387983304/job/80939160689
Refreshing checks status every 10 seconds. Press Ctrl+C to quit.

deploy-storybook	skipping	0	https://github.com/arimendelow/spoonjoy-v2/actions/runs/27387983294/job/80939230760
coverage	pending	0	https://github.com/arimendelow/spoonjoy-v2/actions/runs/27387983304/job/80939160682
build-storybook	pass	36s	https://github.com/arimendelow/spoonjoy-v2/actions/runs/27387983294/job/80939160763
e2e	pass	2m17s	https://github.com/arimendelow/spoonjoy-v2/actions/runs/27387983304/job/80939160689
Refreshing checks status every 10 seconds. Press Ctrl+C to quit.

deploy-storybook	skipping	0	https://github.com/arimendelow/spoonjoy-v2/actions/runs/27387983294/job/80939230760
coverage	pending	0	https://github.com/arimendelow/spoonjoy-v2/actions/runs/27387983304/job/80939160682
build-storybook	pass	36s	https://github.com/arimendelow/spoonjoy-v2/actions/runs/27387983294/job/80939160763
e2e	pass	2m17s	https://github.com/arimendelow/spoonjoy-v2/actions/runs/27387983304/job/80939160689
Refreshing checks status every 10 seconds. Press Ctrl+C to quit.

deploy-storybook	skipping	0	https://github.com/arimendelow/spoonjoy-v2/actions/runs/27387983294/job/80939230760
coverage	pending	0	https://github.com/arimendelow/spoonjoy-v2/actions/runs/27387983304/job/80939160682
build-storybook	pass	36s	https://github.com/arimendelow/spoonjoy-v2/actions/runs/27387983294/job/80939160763
e2e	pass	2m17s	https://github.com/arimendelow/spoonjoy-v2/actions/runs/27387983304/job/80939160689
Refreshing checks status every 10 seconds. Press Ctrl+C to quit.

deploy-storybook	skipping	0	https://github.com/arimendelow/spoonjoy-v2/actions/runs/27387983294/job/80939230760
coverage	pending	0	https://github.com/arimendelow/spoonjoy-v2/actions/runs/27387983304/job/80939160682
build-storybook	pass	36s	https://github.com/arimendelow/spoonjoy-v2/actions/runs/27387983294/job/80939160763
e2e	pass	2m17s	https://github.com/arimendelow/spoonjoy-v2/actions/runs/27387983304/job/80939160689
Refreshing checks status every 10 seconds. Press Ctrl+C to quit.

deploy-storybook	skipping	0	https://github.com/arimendelow/spoonjoy-v2/actions/runs/27387983294/job/80939230760
coverage	pending	0	https://github.com/arimendelow/spoonjoy-v2/actions/runs/27387983304/job/80939160682
build-storybook	pass	36s	https://github.com/arimendelow/spoonjoy-v2/actions/runs/27387983294/job/80939160763
e2e	pass	2m17s	https://github.com/arimendelow/spoonjoy-v2/actions/runs/27387983304/job/80939160689
Refreshing checks status every 10 seconds. Press Ctrl+C to quit.

deploy-storybook	skipping	0	https://github.com/arimendelow/spoonjoy-v2/actions/runs/27387983294/job/80939230760
coverage	pending	0	https://github.com/arimendelow/spoonjoy-v2/actions/runs/27387983304/job/80939160682
build-storybook	pass	36s	https://github.com/arimendelow/spoonjoy-v2/actions/runs/27387983294/job/80939160763
e2e	pass	2m17s	https://github.com/arimendelow/spoonjoy-v2/actions/runs/27387983304/job/80939160689
Refreshing checks status every 10 seconds. Press Ctrl+C to quit.

deploy-storybook	skipping	0	https://github.com/arimendelow/spoonjoy-v2/actions/runs/27387983294/job/80939230760
coverage	pending	0	https://github.com/arimendelow/spoonjoy-v2/actions/runs/27387983304/job/80939160682
build-storybook	pass	36s	https://github.com/arimendelow/spoonjoy-v2/actions/runs/27387983294/job/80939160763
e2e	pass	2m17s	https://github.com/arimendelow/spoonjoy-v2/actions/runs/27387983304/job/80939160689
Refreshing checks status every 10 seconds. Press Ctrl+C to quit.

deploy-storybook	skipping	0	https://github.com/arimendelow/spoonjoy-v2/actions/runs/27387983294/job/80939230760
coverage	pending	0	https://github.com/arimendelow/spoonjoy-v2/actions/runs/27387983304/job/80939160682
build-storybook	pass	36s	https://github.com/arimendelow/spoonjoy-v2/actions/runs/27387983294/job/80939160763
e2e	pass	2m17s	https://github.com/arimendelow/spoonjoy-v2/actions/runs/27387983304/job/80939160689
Refreshing checks status every 10 seconds. Press Ctrl+C to quit.

deploy-storybook	skipping	0	https://github.com/arimendelow/spoonjoy-v2/actions/runs/27387983294/job/80939230760
coverage	pending	0	https://github.com/arimendelow/spoonjoy-v2/actions/runs/27387983304/job/80939160682
build-storybook	pass	36s	https://github.com/arimendelow/spoonjoy-v2/actions/runs/27387983294/job/80939160763
e2e	pass	2m17s	https://github.com/arimendelow/spoonjoy-v2/actions/runs/27387983304/job/80939160689
Refreshing checks status every 10 seconds. Press Ctrl+C to quit.

deploy-storybook	skipping	0	https://github.com/arimendelow/spoonjoy-v2/actions/runs/27387983294/job/80939230760
coverage	pending	0	https://github.com/arimendelow/spoonjoy-v2/actions/runs/27387983304/job/80939160682
build-storybook	pass	36s	https://github.com/arimendelow/spoonjoy-v2/actions/runs/27387983294/job/80939160763
e2e	pass	2m17s	https://github.com/arimendelow/spoonjoy-v2/actions/runs/27387983304/job/80939160689
Refreshing checks status every 10 seconds. Press Ctrl+C to quit.

deploy-storybook	skipping	0	https://github.com/arimendelow/spoonjoy-v2/actions/runs/27387983294/job/80939230760
coverage	pending	0	https://github.com/arimendelow/spoonjoy-v2/actions/runs/27387983304/job/80939160682
build-storybook	pass	36s	https://github.com/arimendelow/spoonjoy-v2/actions/runs/27387983294/job/80939160763
e2e	pass	2m17s	https://github.com/arimendelow/spoonjoy-v2/actions/runs/27387983304/job/80939160689
Refreshing checks status every 10 seconds. Press Ctrl+C to quit.

deploy-storybook	skipping	0	https://github.com/arimendelow/spoonjoy-v2/actions/runs/27387983294/job/80939230760
coverage	pending	0	https://github.com/arimendelow/spoonjoy-v2/actions/runs/27387983304/job/80939160682
build-storybook	pass	36s	https://github.com/arimendelow/spoonjoy-v2/actions/runs/27387983294/job/80939160763
e2e	pass	2m17s	https://github.com/arimendelow/spoonjoy-v2/actions/runs/27387983304/job/80939160689
Refreshing checks status every 10 seconds. Press Ctrl+C to quit.

deploy-storybook	skipping	0	https://github.com/arimendelow/spoonjoy-v2/actions/runs/27387983294/job/80939230760
coverage	pending	0	https://github.com/arimendelow/spoonjoy-v2/actions/runs/27387983304/job/80939160682
build-storybook	pass	36s	https://github.com/arimendelow/spoonjoy-v2/actions/runs/27387983294/job/80939160763
e2e	pass	2m17s	https://github.com/arimendelow/spoonjoy-v2/actions/runs/27387983304/job/80939160689
Refreshing checks status every 10 seconds. Press Ctrl+C to quit.

deploy-storybook	skipping	0	https://github.com/arimendelow/spoonjoy-v2/actions/runs/27387983294/job/80939230760
coverage	pending	0	https://github.com/arimendelow/spoonjoy-v2/actions/runs/27387983304/job/80939160682
build-storybook	pass	36s	https://github.com/arimendelow/spoonjoy-v2/actions/runs/27387983294/job/80939160763
e2e	pass	2m17s	https://github.com/arimendelow/spoonjoy-v2/actions/runs/27387983304/job/80939160689
Refreshing checks status every 10 seconds. Press Ctrl+C to quit.

deploy-storybook	skipping	0	https://github.com/arimendelow/spoonjoy-v2/actions/runs/27387983294/job/80939230760
coverage	pending	0	https://github.com/arimendelow/spoonjoy-v2/actions/runs/27387983304/job/80939160682
build-storybook	pass	36s	https://github.com/arimendelow/spoonjoy-v2/actions/runs/27387983294/job/80939160763
e2e	pass	2m17s	https://github.com/arimendelow/spoonjoy-v2/actions/runs/27387983304/job/80939160689
Refreshing checks status every 10 seconds. Press Ctrl+C to quit.

deploy-storybook	skipping	0	https://github.com/arimendelow/spoonjoy-v2/actions/runs/27387983294/job/80939230760
coverage	pending	0	https://github.com/arimendelow/spoonjoy-v2/actions/runs/27387983304/job/80939160682
build-storybook	pass	36s	https://github.com/arimendelow/spoonjoy-v2/actions/runs/27387983294/job/80939160763
e2e	pass	2m17s	https://github.com/arimendelow/spoonjoy-v2/actions/runs/27387983304/job/80939160689
Refreshing checks status every 10 seconds. Press Ctrl+C to quit.

deploy-storybook	skipping	0	https://github.com/arimendelow/spoonjoy-v2/actions/runs/27387983294/job/80939230760
coverage	pending	0	https://github.com/arimendelow/spoonjoy-v2/actions/runs/27387983304/job/80939160682
build-storybook	pass	36s	https://github.com/arimendelow/spoonjoy-v2/actions/runs/27387983294/job/80939160763
e2e	pass	2m17s	https://github.com/arimendelow/spoonjoy-v2/actions/runs/27387983304/job/80939160689
Refreshing checks status every 10 seconds. Press Ctrl+C to quit.

deploy-storybook	skipping	0	https://github.com/arimendelow/spoonjoy-v2/actions/runs/27387983294/job/80939230760
coverage	pending	0	https://github.com/arimendelow/spoonjoy-v2/actions/runs/27387983304/job/80939160682
build-storybook	pass	36s	https://github.com/arimendelow/spoonjoy-v2/actions/runs/27387983294/job/80939160763
e2e	pass	2m17s	https://github.com/arimendelow/spoonjoy-v2/actions/runs/27387983304/job/80939160689
Refreshing checks status every 10 seconds. Press Ctrl+C to quit.

deploy-storybook	skipping	0	https://github.com/arimendelow/spoonjoy-v2/actions/runs/27387983294/job/80939230760
coverage	pending	0	https://github.com/arimendelow/spoonjoy-v2/actions/runs/27387983304/job/80939160682
build-storybook	pass	36s	https://github.com/arimendelow/spoonjoy-v2/actions/runs/27387983294/job/80939160763
e2e	pass	2m17s	https://github.com/arimendelow/spoonjoy-v2/actions/runs/27387983304/job/80939160689
Refreshing checks status every 10 seconds. Press Ctrl+C to quit.

deploy-storybook	skipping	0	https://github.com/arimendelow/spoonjoy-v2/actions/runs/27387983294/job/80939230760
coverage	pending	0	https://github.com/arimendelow/spoonjoy-v2/actions/runs/27387983304/job/80939160682
build-storybook	pass	36s	https://github.com/arimendelow/spoonjoy-v2/actions/runs/27387983294/job/80939160763
e2e	pass	2m17s	https://github.com/arimendelow/spoonjoy-v2/actions/runs/27387983304/job/80939160689
deploy-storybook	skipping	0	https://github.com/arimendelow/spoonjoy-v2/actions/runs/27387983294/job/80939230760
build-storybook	pass	36s	https://github.com/arimendelow/spoonjoy-v2/actions/runs/27387983294/job/80939160763
coverage	pass	10m16s	https://github.com/arimendelow/spoonjoy-v2/actions/runs/27387983304/job/80939160682
e2e	pass	2m17s	https://github.com/arimendelow/spoonjoy-v2/actions/runs/27387983304/job/80939160689
deploy-storybook	skipping	0	https://github.com/arimendelow/spoonjoy-v2/actions/runs/27387983294/job/80939230760
build-storybook	pass	36s	https://github.com/arimendelow/spoonjoy-v2/actions/runs/27387983294/job/80939160763
coverage	pass	10m16s	https://github.com/arimendelow/spoonjoy-v2/actions/runs/27387983304/job/80939160682
e2e	pass	2m17s	https://github.com/arimendelow/spoonjoy-v2/actions/runs/27387983304/job/80939160689
