Refreshing checks status every 10 seconds. Press Ctrl+C to quit.

build-storybook	pending	0	https://github.com/arimendelow/spoonjoy-v2/actions/runs/27387109437/job/80936433545	
coverage	pending	0	https://github.com/arimendelow/spoonjoy-v2/actions/runs/27387109428/job/80936433497	
e2e	pending	0	https://github.com/arimendelow/spoonjoy-v2/actions/runs/27387109428/job/80936433500	
Refreshing checks status every 10 seconds. Press Ctrl+C to quit.

build-storybook	pending	0	https://github.com/arimendelow/spoonjoy-v2/actions/runs/27387109437/job/80936433545	
coverage	pending	0	https://github.com/arimendelow/spoonjoy-v2/actions/runs/27387109428/job/80936433497	
e2e	pending	0	https://github.com/arimendelow/spoonjoy-v2/actions/runs/27387109428/job/80936433500	
Refreshing checks status every 10 seconds. Press Ctrl+C to quit.

build-storybook	pending	0	https://github.com/arimendelow/spoonjoy-v2/actions/runs/27387109437/job/80936433545	
coverage	pending	0	https://github.com/arimendelow/spoonjoy-v2/actions/runs/27387109428/job/80936433497	
e2e	pending	0	https://github.com/arimendelow/spoonjoy-v2/actions/runs/27387109428/job/80936433500	
Refreshing checks status every 10 seconds. Press Ctrl+C to quit.

deploy-storybook	skipping	0	https://github.com/arimendelow/spoonjoy-v2/actions/runs/27387109437/job/80936511505	
coverage	pending	0	https://github.com/arimendelow/spoonjoy-v2/actions/runs/27387109428/job/80936433497	
build-storybook	pass	34s	https://github.com/arimendelow/spoonjoy-v2/actions/runs/27387109437/job/80936433545	
e2e	pending	0	https://github.com/arimendelow/spoonjoy-v2/actions/runs/27387109428/job/80936433500	
Refreshing checks status every 10 seconds. Press Ctrl+C to quit.

deploy-storybook	skipping	0	https://github.com/arimendelow/spoonjoy-v2/actions/runs/27387109437/job/80936511505	
coverage	pending	0	https://github.com/arimendelow/spoonjoy-v2/actions/runs/27387109428/job/80936433497	
build-storybook	pass	34s	https://github.com/arimendelow/spoonjoy-v2/actions/runs/27387109437/job/80936433545	
e2e	pending	0	https://github.com/arimendelow/spoonjoy-v2/actions/runs/27387109428/job/80936433500	
Refreshing checks status every 10 seconds. Press Ctrl+C to quit.

deploy-storybook	skipping	0	https://github.com/arimendelow/spoonjoy-v2/actions/runs/27387109437/job/80936511505	
coverage	pending	0	https://github.com/arimendelow/spoonjoy-v2/actions/runs/27387109428/job/80936433497	
build-storybook	pass	34s	https://github.com/arimendelow/spoonjoy-v2/actions/runs/27387109437/job/80936433545	
e2e	pending	0	https://github.com/arimendelow/spoonjoy-v2/actions/runs/27387109428/job/80936433500	
Refreshing checks status every 10 seconds. Press Ctrl+C to quit.

deploy-storybook	skipping	0	https://github.com/arimendelow/spoonjoy-v2/actions/runs/27387109437/job/80936511505	
coverage	pending	0	https://github.com/arimendelow/spoonjoy-v2/actions/runs/27387109428/job/80936433497	
build-storybook	pass	34s	https://github.com/arimendelow/spoonjoy-v2/actions/runs/27387109437/job/80936433545	
e2e	pending	0	https://github.com/arimendelow/spoonjoy-v2/actions/runs/27387109428/job/80936433500	
Refreshing checks status every 10 seconds. Press Ctrl+C to quit.

deploy-storybook	skipping	0	https://github.com/arimendelow/spoonjoy-v2/actions/runs/27387109437/job/80936511505	
coverage	pending	0	https://github.com/arimendelow/spoonjoy-v2/actions/runs/27387109428/job/80936433497	
build-storybook	pass	34s	https://github.com/arimendelow/spoonjoy-v2/actions/runs/27387109437/job/80936433545	
e2e	pending	0	https://github.com/arimendelow/spoonjoy-v2/actions/runs/27387109428/job/80936433500	
Refreshing checks status every 10 seconds. Press Ctrl+C to quit.

deploy-storybook	skipping	0	https://github.com/arimendelow/spoonjoy-v2/actions/runs/27387109437/job/80936511505	
coverage	pending	0	https://github.com/arimendelow/spoonjoy-v2/actions/runs/27387109428/job/80936433497	
build-storybook	pass	34s	https://github.com/arimendelow/spoonjoy-v2/actions/runs/27387109437/job/80936433545	
e2e	pending	0	https://github.com/arimendelow/spoonjoy-v2/actions/runs/27387109428/job/80936433500	
Refreshing checks status every 10 seconds. Press Ctrl+C to quit.

deploy-storybook	skipping	0	https://github.com/arimendelow/spoonjoy-v2/actions/runs/27387109437/job/80936511505	
coverage	pending	0	https://github.com/arimendelow/spoonjoy-v2/actions/runs/27387109428/job/80936433497	
build-storybook	pass	34s	https://github.com/arimendelow/spoonjoy-v2/actions/runs/27387109437/job/80936433545	
e2e	pending	0	https://github.com/arimendelow/spoonjoy-v2/actions/runs/27387109428/job/80936433500	
Refreshing checks status every 10 seconds. Press Ctrl+C to quit.

deploy-storybook	skipping	0	https://github.com/arimendelow/spoonjoy-v2/actions/runs/27387109437/job/80936511505	
coverage	pending	0	https://github.com/arimendelow/spoonjoy-v2/actions/runs/27387109428/job/80936433497	
build-storybook	pass	34s	https://github.com/arimendelow/spoonjoy-v2/actions/runs/27387109437/job/80936433545	
e2e	pending	0	https://github.com/arimendelow/spoonjoy-v2/actions/runs/27387109428/job/80936433500	
Refreshing checks status every 10 seconds. Press Ctrl+C to quit.

deploy-storybook	skipping	0	https://github.com/arimendelow/spoonjoy-v2/actions/runs/27387109437/job/80936511505	
coverage	pending	0	https://github.com/arimendelow/spoonjoy-v2/actions/runs/27387109428/job/80936433497	
build-storybook	pass	34s	https://github.com/arimendelow/spoonjoy-v2/actions/runs/27387109437/job/80936433545	
e2e	pass	2m5s	https://github.com/arimendelow/spoonjoy-v2/actions/runs/27387109428/job/80936433500	
Refreshing checks status every 10 seconds. Press Ctrl+C to quit.

deploy-storybook	skipping	0	https://github.com/arimendelow/spoonjoy-v2/actions/runs/27387109437/job/80936511505	
coverage	pending	0	https://github.com/arimendelow/spoonjoy-v2/actions/runs/27387109428/job/80936433497	
build-storybook	pass	34s	https://github.com/arimendelow/spoonjoy-v2/actions/runs/27387109437/job/80936433545	
e2e	pass	2m5s	https://github.com/arimendelow/spoonjoy-v2/actions/runs/27387109428/job/80936433500	
Refreshing checks status every 10 seconds. Press Ctrl+C to quit.

deploy-storybook	skipping	0	https://github.com/arimendelow/spoonjoy-v2/actions/runs/27387109437/job/80936511505	
coverage	pending	0	https://github.com/arimendelow/spoonjoy-v2/actions/runs/27387109428/job/80936433497	
build-storybook	pass	34s	https://github.com/arimendelow/spoonjoy-v2/actions/runs/27387109437/job/80936433545	
e2e	pass	2m5s	https://github.com/arimendelow/spoonjoy-v2/actions/runs/27387109428/job/80936433500	
Refreshing checks status every 10 seconds. Press Ctrl+C to quit.

deploy-storybook	skipping	0	https://github.com/arimendelow/spoonjoy-v2/actions/runs/27387109437/job/80936511505	
coverage	pending	0	https://github.com/arimendelow/spoonjoy-v2/actions/runs/27387109428/job/80936433497	
build-storybook	pass	34s	https://github.com/arimendelow/spoonjoy-v2/actions/runs/27387109437/job/80936433545	
e2e	pass	2m5s	https://github.com/arimendelow/spoonjoy-v2/actions/runs/27387109428/job/80936433500	
Refreshing checks status every 10 seconds. Press Ctrl+C to quit.

deploy-storybook	skipping	0	https://github.com/arimendelow/spoonjoy-v2/actions/runs/27387109437/job/80936511505	
coverage	pending	0	https://github.com/arimendelow/spoonjoy-v2/actions/runs/27387109428/job/80936433497	
build-storybook	pass	34s	https://github.com/arimendelow/spoonjoy-v2/actions/runs/27387109437/job/80936433545	
e2e	pass	2m5s	https://github.com/arimendelow/spoonjoy-v2/actions/runs/27387109428/job/80936433500	
Refreshing checks status every 10 seconds. Press Ctrl+C to quit.

deploy-storybook	skipping	0	https://github.com/arimendelow/spoonjoy-v2/actions/runs/27387109437/job/80936511505	
coverage	pending	0	https://github.com/arimendelow/spoonjoy-v2/actions/runs/27387109428/job/80936433497	
build-storybook	pass	34s	https://github.com/arimendelow/spoonjoy-v2/actions/runs/27387109437/job/80936433545	
e2e	pass	2m5s	https://github.com/arimendelow/spoonjoy-v2/actions/runs/27387109428/job/80936433500	
Refreshing checks status every 10 seconds. Press Ctrl+C to quit.

deploy-storybook	skipping	0	https://github.com/arimendelow/spoonjoy-v2/actions/runs/27387109437/job/80936511505	
coverage	pending	0	https://github.com/arimendelow/spoonjoy-v2/actions/runs/27387109428/job/80936433497	
build-storybook	pass	34s	https://github.com/arimendelow/spoonjoy-v2/actions/runs/27387109437/job/80936433545	
e2e	pass	2m5s	https://github.com/arimendelow/spoonjoy-v2/actions/runs/27387109428/job/80936433500	
Refreshing checks status every 10 seconds. Press Ctrl+C to quit.

deploy-storybook	skipping	0	https://github.com/arimendelow/spoonjoy-v2/actions/runs/27387109437/job/80936511505	
coverage	pending	0	https://github.com/arimendelow/spoonjoy-v2/actions/runs/27387109428/job/80936433497	
build-storybook	pass	34s	https://github.com/arimendelow/spoonjoy-v2/actions/runs/27387109437/job/80936433545	
e2e	pass	2m5s	https://github.com/arimendelow/spoonjoy-v2/actions/runs/27387109428/job/80936433500	
Refreshing checks status every 10 seconds. Press Ctrl+C to quit.

deploy-storybook	skipping	0	https://github.com/arimendelow/spoonjoy-v2/actions/runs/27387109437/job/80936511505	
coverage	pending	0	https://github.com/arimendelow/spoonjoy-v2/actions/runs/27387109428/job/80936433497	
build-storybook	pass	34s	https://github.com/arimendelow/spoonjoy-v2/actions/runs/27387109437/job/80936433545	
e2e	pass	2m5s	https://github.com/arimendelow/spoonjoy-v2/actions/runs/27387109428/job/80936433500	
Refreshing checks status every 10 seconds. Press Ctrl+C to quit.

deploy-storybook	skipping	0	https://github.com/arimendelow/spoonjoy-v2/actions/runs/27387109437/job/80936511505	
coverage	pending	0	https://github.com/arimendelow/spoonjoy-v2/actions/runs/27387109428/job/80936433497	
build-storybook	pass	34s	https://github.com/arimendelow/spoonjoy-v2/actions/runs/27387109437/job/80936433545	
e2e	pass	2m5s	https://github.com/arimendelow/spoonjoy-v2/actions/runs/27387109428/job/80936433500	
Refreshing checks status every 10 seconds. Press Ctrl+C to quit.

deploy-storybook	skipping	0	https://github.com/arimendelow/spoonjoy-v2/actions/runs/27387109437/job/80936511505	
coverage	pending	0	https://github.com/arimendelow/spoonjoy-v2/actions/runs/27387109428/job/80936433497	
build-storybook	pass	34s	https://github.com/arimendelow/spoonjoy-v2/actions/runs/27387109437/job/80936433545	
e2e	pass	2m5s	https://github.com/arimendelow/spoonjoy-v2/actions/runs/27387109428/job/80936433500	
Refreshing checks status every 10 seconds. Press Ctrl+C to quit.

deploy-storybook	skipping	0	https://github.com/arimendelow/spoonjoy-v2/actions/runs/27387109437/job/80936511505	
coverage	pending	0	https://github.com/arimendelow/spoonjoy-v2/actions/runs/27387109428/job/80936433497	
build-storybook	pass	34s	https://github.com/arimendelow/spoonjoy-v2/actions/runs/27387109437/job/80936433545	
e2e	pass	2m5s	https://github.com/arimendelow/spoonjoy-v2/actions/runs/27387109428/job/80936433500	
Refreshing checks status every 10 seconds. Press Ctrl+C to quit.

deploy-storybook	skipping	0	https://github.com/arimendelow/spoonjoy-v2/actions/runs/27387109437/job/80936511505	
coverage	pending	0	https://github.com/arimendelow/spoonjoy-v2/actions/runs/27387109428/job/80936433497	
build-storybook	pass	34s	https://github.com/arimendelow/spoonjoy-v2/actions/runs/27387109437/job/80936433545	
e2e	pass	2m5s	https://github.com/arimendelow/spoonjoy-v2/actions/runs/27387109428/job/80936433500	
Refreshing checks status every 10 seconds. Press Ctrl+C to quit.

deploy-storybook	skipping	0	https://github.com/arimendelow/spoonjoy-v2/actions/runs/27387109437/job/80936511505	
coverage	pending	0	https://github.com/arimendelow/spoonjoy-v2/actions/runs/27387109428/job/80936433497	
build-storybook	pass	34s	https://github.com/arimendelow/spoonjoy-v2/actions/runs/27387109437/job/80936433545	
e2e	pass	2m5s	https://github.com/arimendelow/spoonjoy-v2/actions/runs/27387109428/job/80936433500	
Refreshing checks status every 10 seconds. Press Ctrl+C to quit.

deploy-storybook	skipping	0	https://github.com/arimendelow/spoonjoy-v2/actions/runs/27387109437/job/80936511505	
coverage	pending	0	https://github.com/arimendelow/spoonjoy-v2/actions/runs/27387109428/job/80936433497	
build-storybook	pass	34s	https://github.com/arimendelow/spoonjoy-v2/actions/runs/27387109437/job/80936433545	
e2e	pass	2m5s	https://github.com/arimendelow/spoonjoy-v2/actions/runs/27387109428/job/80936433500	
Refreshing checks status every 10 seconds. Press Ctrl+C to quit.

deploy-storybook	skipping	0	https://github.com/arimendelow/spoonjoy-v2/actions/runs/27387109437/job/80936511505	
coverage	pending	0	https://github.com/arimendelow/spoonjoy-v2/actions/runs/27387109428/job/80936433497	
build-storybook	pass	34s	https://github.com/arimendelow/spoonjoy-v2/actions/runs/27387109437/job/80936433545	
e2e	pass	2m5s	https://github.com/arimendelow/spoonjoy-v2/actions/runs/27387109428/job/80936433500	
Refreshing checks status every 10 seconds. Press Ctrl+C to quit.

deploy-storybook	skipping	0	https://github.com/arimendelow/spoonjoy-v2/actions/runs/27387109437/job/80936511505	
coverage	pending	0	https://github.com/arimendelow/spoonjoy-v2/actions/runs/27387109428/job/80936433497	
build-storybook	pass	34s	https://github.com/arimendelow/spoonjoy-v2/actions/runs/27387109437/job/80936433545	
e2e	pass	2m5s	https://github.com/arimendelow/spoonjoy-v2/actions/runs/27387109428/job/80936433500	
Refreshing checks status every 10 seconds. Press Ctrl+C to quit.

deploy-storybook	skipping	0	https://github.com/arimendelow/spoonjoy-v2/actions/runs/27387109437/job/80936511505	
coverage	pending	0	https://github.com/arimendelow/spoonjoy-v2/actions/runs/27387109428/job/80936433497	
build-storybook	pass	34s	https://github.com/arimendelow/spoonjoy-v2/actions/runs/27387109437/job/80936433545	
e2e	pass	2m5s	https://github.com/arimendelow/spoonjoy-v2/actions/runs/27387109428/job/80936433500	
Refreshing checks status every 10 seconds. Press Ctrl+C to quit.

deploy-storybook	skipping	0	https://github.com/arimendelow/spoonjoy-v2/actions/runs/27387109437/job/80936511505	
coverage	pending	0	https://github.com/arimendelow/spoonjoy-v2/actions/runs/27387109428/job/80936433497	
build-storybook	pass	34s	https://github.com/arimendelow/spoonjoy-v2/actions/runs/27387109437/job/80936433545	
e2e	pass	2m5s	https://github.com/arimendelow/spoonjoy-v2/actions/runs/27387109428/job/80936433500	
Refreshing checks status every 10 seconds. Press Ctrl+C to quit.

deploy-storybook	skipping	0	https://github.com/arimendelow/spoonjoy-v2/actions/runs/27387109437/job/80936511505	
coverage	pending	0	https://github.com/arimendelow/spoonjoy-v2/actions/runs/27387109428/job/80936433497	
build-storybook	pass	34s	https://github.com/arimendelow/spoonjoy-v2/actions/runs/27387109437/job/80936433545	
e2e	pass	2m5s	https://github.com/arimendelow/spoonjoy-v2/actions/runs/27387109428/job/80936433500	
Refreshing checks status every 10 seconds. Press Ctrl+C to quit.

deploy-storybook	skipping	0	https://github.com/arimendelow/spoonjoy-v2/actions/runs/27387109437/job/80936511505	
coverage	pending	0	https://github.com/arimendelow/spoonjoy-v2/actions/runs/27387109428/job/80936433497	
build-storybook	pass	34s	https://github.com/arimendelow/spoonjoy-v2/actions/runs/27387109437/job/80936433545	
e2e	pass	2m5s	https://github.com/arimendelow/spoonjoy-v2/actions/runs/27387109428/job/80936433500	
Refreshing checks status every 10 seconds. Press Ctrl+C to quit.

deploy-storybook	skipping	0	https://github.com/arimendelow/spoonjoy-v2/actions/runs/27387109437/job/80936511505	
coverage	pending	0	https://github.com/arimendelow/spoonjoy-v2/actions/runs/27387109428/job/80936433497	
build-storybook	pass	34s	https://github.com/arimendelow/spoonjoy-v2/actions/runs/27387109437/job/80936433545	
e2e	pass	2m5s	https://github.com/arimendelow/spoonjoy-v2/actions/runs/27387109428/job/80936433500	
Refreshing checks status every 10 seconds. Press Ctrl+C to quit.

deploy-storybook	skipping	0	https://github.com/arimendelow/spoonjoy-v2/actions/runs/27387109437/job/80936511505	
coverage	pending	0	https://github.com/arimendelow/spoonjoy-v2/actions/runs/27387109428/job/80936433497	
build-storybook	pass	34s	https://github.com/arimendelow/spoonjoy-v2/actions/runs/27387109437/job/80936433545	
e2e	pass	2m5s	https://github.com/arimendelow/spoonjoy-v2/actions/runs/27387109428/job/80936433500	
Refreshing checks status every 10 seconds. Press Ctrl+C to quit.

deploy-storybook	skipping	0	https://github.com/arimendelow/spoonjoy-v2/actions/runs/27387109437/job/80936511505	
coverage	pending	0	https://github.com/arimendelow/spoonjoy-v2/actions/runs/27387109428/job/80936433497	
build-storybook	pass	34s	https://github.com/arimendelow/spoonjoy-v2/actions/runs/27387109437/job/80936433545	
e2e	pass	2m5s	https://github.com/arimendelow/spoonjoy-v2/actions/runs/27387109428/job/80936433500	
Refreshing checks status every 10 seconds. Press Ctrl+C to quit.

deploy-storybook	skipping	0	https://github.com/arimendelow/spoonjoy-v2/actions/runs/27387109437/job/80936511505	
coverage	pending	0	https://github.com/arimendelow/spoonjoy-v2/actions/runs/27387109428/job/80936433497	
build-storybook	pass	34s	https://github.com/arimendelow/spoonjoy-v2/actions/runs/27387109437/job/80936433545	
e2e	pass	2m5s	https://github.com/arimendelow/spoonjoy-v2/actions/runs/27387109428/job/80936433500	
Refreshing checks status every 10 seconds. Press Ctrl+C to quit.

deploy-storybook	skipping	0	https://github.com/arimendelow/spoonjoy-v2/actions/runs/27387109437/job/80936511505	
coverage	pending	0	https://github.com/arimendelow/spoonjoy-v2/actions/runs/27387109428/job/80936433497	
build-storybook	pass	34s	https://github.com/arimendelow/spoonjoy-v2/actions/runs/27387109437/job/80936433545	
e2e	pass	2m5s	https://github.com/arimendelow/spoonjoy-v2/actions/runs/27387109428/job/80936433500	
Refreshing checks status every 10 seconds. Press Ctrl+C to quit.

deploy-storybook	skipping	0	https://github.com/arimendelow/spoonjoy-v2/actions/runs/27387109437/job/80936511505	
coverage	pending	0	https://github.com/arimendelow/spoonjoy-v2/actions/runs/27387109428/job/80936433497	
build-storybook	pass	34s	https://github.com/arimendelow/spoonjoy-v2/actions/runs/27387109437/job/80936433545	
e2e	pass	2m5s	https://github.com/arimendelow/spoonjoy-v2/actions/runs/27387109428/job/80936433500	
Refreshing checks status every 10 seconds. Press Ctrl+C to quit.

deploy-storybook	skipping	0	https://github.com/arimendelow/spoonjoy-v2/actions/runs/27387109437/job/80936511505	
coverage	pending	0	https://github.com/arimendelow/spoonjoy-v2/actions/runs/27387109428/job/80936433497	
build-storybook	pass	34s	https://github.com/arimendelow/spoonjoy-v2/actions/runs/27387109437/job/80936433545	
e2e	pass	2m5s	https://github.com/arimendelow/spoonjoy-v2/actions/runs/27387109428/job/80936433500	
Refreshing checks status every 10 seconds. Press Ctrl+C to quit.

deploy-storybook	skipping	0	https://github.com/arimendelow/spoonjoy-v2/actions/runs/27387109437/job/80936511505	
coverage	pending	0	https://github.com/arimendelow/spoonjoy-v2/actions/runs/27387109428/job/80936433497	
build-storybook	pass	34s	https://github.com/arimendelow/spoonjoy-v2/actions/runs/27387109437/job/80936433545	
e2e	pass	2m5s	https://github.com/arimendelow/spoonjoy-v2/actions/runs/27387109428/job/80936433500	
Refreshing checks status every 10 seconds. Press Ctrl+C to quit.

deploy-storybook	skipping	0	https://github.com/arimendelow/spoonjoy-v2/actions/runs/27387109437/job/80936511505	
coverage	pending	0	https://github.com/arimendelow/spoonjoy-v2/actions/runs/27387109428/job/80936433497	
build-storybook	pass	34s	https://github.com/arimendelow/spoonjoy-v2/actions/runs/27387109437/job/80936433545	
e2e	pass	2m5s	https://github.com/arimendelow/spoonjoy-v2/actions/runs/27387109428/job/80936433500	
Refreshing checks status every 10 seconds. Press Ctrl+C to quit.

deploy-storybook	skipping	0	https://github.com/arimendelow/spoonjoy-v2/actions/runs/27387109437/job/80936511505	
coverage	pending	0	https://github.com/arimendelow/spoonjoy-v2/actions/runs/27387109428/job/80936433497	
build-storybook	pass	34s	https://github.com/arimendelow/spoonjoy-v2/actions/runs/27387109437/job/80936433545	
e2e	pass	2m5s	https://github.com/arimendelow/spoonjoy-v2/actions/runs/27387109428/job/80936433500	
Refreshing checks status every 10 seconds. Press Ctrl+C to quit.

deploy-storybook	skipping	0	https://github.com/arimendelow/spoonjoy-v2/actions/runs/27387109437/job/80936511505	
coverage	pending	0	https://github.com/arimendelow/spoonjoy-v2/actions/runs/27387109428/job/80936433497	
build-storybook	pass	34s	https://github.com/arimendelow/spoonjoy-v2/actions/runs/27387109437/job/80936433545	
e2e	pass	2m5s	https://github.com/arimendelow/spoonjoy-v2/actions/runs/27387109428/job/80936433500	
Refreshing checks status every 10 seconds. Press Ctrl+C to quit.

deploy-storybook	skipping	0	https://github.com/arimendelow/spoonjoy-v2/actions/runs/27387109437/job/80936511505	
coverage	pending	0	https://github.com/arimendelow/spoonjoy-v2/actions/runs/27387109428/job/80936433497	
build-storybook	pass	34s	https://github.com/arimendelow/spoonjoy-v2/actions/runs/27387109437/job/80936433545	
e2e	pass	2m5s	https://github.com/arimendelow/spoonjoy-v2/actions/runs/27387109428/job/80936433500	
Refreshing checks status every 10 seconds. Press Ctrl+C to quit.

deploy-storybook	skipping	0	https://github.com/arimendelow/spoonjoy-v2/actions/runs/27387109437/job/80936511505	
coverage	pending	0	https://github.com/arimendelow/spoonjoy-v2/actions/runs/27387109428/job/80936433497	
build-storybook	pass	34s	https://github.com/arimendelow/spoonjoy-v2/actions/runs/27387109437/job/80936433545	
e2e	pass	2m5s	https://github.com/arimendelow/spoonjoy-v2/actions/runs/27387109428/job/80936433500	
Refreshing checks status every 10 seconds. Press Ctrl+C to quit.

deploy-storybook	skipping	0	https://github.com/arimendelow/spoonjoy-v2/actions/runs/27387109437/job/80936511505	
coverage	pending	0	https://github.com/arimendelow/spoonjoy-v2/actions/runs/27387109428/job/80936433497	
build-storybook	pass	34s	https://github.com/arimendelow/spoonjoy-v2/actions/runs/27387109437/job/80936433545	
e2e	pass	2m5s	https://github.com/arimendelow/spoonjoy-v2/actions/runs/27387109428/job/80936433500	
Refreshing checks status every 10 seconds. Press Ctrl+C to quit.

deploy-storybook	skipping	0	https://github.com/arimendelow/spoonjoy-v2/actions/runs/27387109437/job/80936511505	
coverage	pending	0	https://github.com/arimendelow/spoonjoy-v2/actions/runs/27387109428/job/80936433497	
build-storybook	pass	34s	https://github.com/arimendelow/spoonjoy-v2/actions/runs/27387109437/job/80936433545	
e2e	pass	2m5s	https://github.com/arimendelow/spoonjoy-v2/actions/runs/27387109428/job/80936433500	
Refreshing checks status every 10 seconds. Press Ctrl+C to quit.

deploy-storybook	skipping	0	https://github.com/arimendelow/spoonjoy-v2/actions/runs/27387109437/job/80936511505	
coverage	pending	0	https://github.com/arimendelow/spoonjoy-v2/actions/runs/27387109428/job/80936433497	
build-storybook	pass	34s	https://github.com/arimendelow/spoonjoy-v2/actions/runs/27387109437/job/80936433545	
e2e	pass	2m5s	https://github.com/arimendelow/spoonjoy-v2/actions/runs/27387109428/job/80936433500	
Refreshing checks status every 10 seconds. Press Ctrl+C to quit.

deploy-storybook	skipping	0	https://github.com/arimendelow/spoonjoy-v2/actions/runs/27387109437/job/80936511505	
coverage	pending	0	https://github.com/arimendelow/spoonjoy-v2/actions/runs/27387109428/job/80936433497	
build-storybook	pass	34s	https://github.com/arimendelow/spoonjoy-v2/actions/runs/27387109437/job/80936433545	
e2e	pass	2m5s	https://github.com/arimendelow/spoonjoy-v2/actions/runs/27387109428/job/80936433500	
Refreshing checks status every 10 seconds. Press Ctrl+C to quit.

deploy-storybook	skipping	0	https://github.com/arimendelow/spoonjoy-v2/actions/runs/27387109437/job/80936511505	
coverage	pending	0	https://github.com/arimendelow/spoonjoy-v2/actions/runs/27387109428/job/80936433497	
build-storybook	pass	34s	https://github.com/arimendelow/spoonjoy-v2/actions/runs/27387109437/job/80936433545	
e2e	pass	2m5s	https://github.com/arimendelow/spoonjoy-v2/actions/runs/27387109428/job/80936433500	
Refreshing checks status every 10 seconds. Press Ctrl+C to quit.

deploy-storybook	skipping	0	https://github.com/arimendelow/spoonjoy-v2/actions/runs/27387109437/job/80936511505	
coverage	pending	0	https://github.com/arimendelow/spoonjoy-v2/actions/runs/27387109428/job/80936433497	
build-storybook	pass	34s	https://github.com/arimendelow/spoonjoy-v2/actions/runs/27387109437/job/80936433545	
e2e	pass	2m5s	https://github.com/arimendelow/spoonjoy-v2/actions/runs/27387109428/job/80936433500	
Refreshing checks status every 10 seconds. Press Ctrl+C to quit.

deploy-storybook	skipping	0	https://github.com/arimendelow/spoonjoy-v2/actions/runs/27387109437/job/80936511505	
coverage	pending	0	https://github.com/arimendelow/spoonjoy-v2/actions/runs/27387109428/job/80936433497	
build-storybook	pass	34s	https://github.com/arimendelow/spoonjoy-v2/actions/runs/27387109437/job/80936433545	
e2e	pass	2m5s	https://github.com/arimendelow/spoonjoy-v2/actions/runs/27387109428/job/80936433500	
Refreshing checks status every 10 seconds. Press Ctrl+C to quit.

deploy-storybook	skipping	0	https://github.com/arimendelow/spoonjoy-v2/actions/runs/27387109437/job/80936511505	
coverage	pending	0	https://github.com/arimendelow/spoonjoy-v2/actions/runs/27387109428/job/80936433497	
build-storybook	pass	34s	https://github.com/arimendelow/spoonjoy-v2/actions/runs/27387109437/job/80936433545	
e2e	pass	2m5s	https://github.com/arimendelow/spoonjoy-v2/actions/runs/27387109428/job/80936433500	
Refreshing checks status every 10 seconds. Press Ctrl+C to quit.

deploy-storybook	skipping	0	https://github.com/arimendelow/spoonjoy-v2/actions/runs/27387109437/job/80936511505	
coverage	pending	0	https://github.com/arimendelow/spoonjoy-v2/actions/runs/27387109428/job/80936433497	
build-storybook	pass	34s	https://github.com/arimendelow/spoonjoy-v2/actions/runs/27387109437/job/80936433545	
e2e	pass	2m5s	https://github.com/arimendelow/spoonjoy-v2/actions/runs/27387109428/job/80936433500	
Refreshing checks status every 10 seconds. Press Ctrl+C to quit.

deploy-storybook	skipping	0	https://github.com/arimendelow/spoonjoy-v2/actions/runs/27387109437/job/80936511505	
coverage	pending	0	https://github.com/arimendelow/spoonjoy-v2/actions/runs/27387109428/job/80936433497	
build-storybook	pass	34s	https://github.com/arimendelow/spoonjoy-v2/actions/runs/27387109437/job/80936433545	
e2e	pass	2m5s	https://github.com/arimendelow/spoonjoy-v2/actions/runs/27387109428/job/80936433500	
Refreshing checks status every 10 seconds. Press Ctrl+C to quit.

deploy-storybook	skipping	0	https://github.com/arimendelow/spoonjoy-v2/actions/runs/27387109437/job/80936511505	
coverage	pending	0	https://github.com/arimendelow/spoonjoy-v2/actions/runs/27387109428/job/80936433497	
build-storybook	pass	34s	https://github.com/arimendelow/spoonjoy-v2/actions/runs/27387109437/job/80936433545	
e2e	pass	2m5s	https://github.com/arimendelow/spoonjoy-v2/actions/runs/27387109428/job/80936433500	
Refreshing checks status every 10 seconds. Press Ctrl+C to quit.

deploy-storybook	skipping	0	https://github.com/arimendelow/spoonjoy-v2/actions/runs/27387109437/job/80936511505	
coverage	pending	0	https://github.com/arimendelow/spoonjoy-v2/actions/runs/27387109428/job/80936433497	
build-storybook	pass	34s	https://github.com/arimendelow/spoonjoy-v2/actions/runs/27387109437/job/80936433545	
e2e	pass	2m5s	https://github.com/arimendelow/spoonjoy-v2/actions/runs/27387109428/job/80936433500	
Refreshing checks status every 10 seconds. Press Ctrl+C to quit.

deploy-storybook	skipping	0	https://github.com/arimendelow/spoonjoy-v2/actions/runs/27387109437/job/80936511505	
coverage	pending	0	https://github.com/arimendelow/spoonjoy-v2/actions/runs/27387109428/job/80936433497	
build-storybook	pass	34s	https://github.com/arimendelow/spoonjoy-v2/actions/runs/27387109437/job/80936433545	
e2e	pass	2m5s	https://github.com/arimendelow/spoonjoy-v2/actions/runs/27387109428/job/80936433500	
deploy-storybook	skipping	0	https://github.com/arimendelow/spoonjoy-v2/actions/runs/27387109437/job/80936511505	
build-storybook	pass	34s	https://github.com/arimendelow/spoonjoy-v2/actions/runs/27387109437/job/80936433545	
coverage	pass	10m14s	https://github.com/arimendelow/spoonjoy-v2/actions/runs/27387109428/job/80936433497	
e2e	pass	2m5s	https://github.com/arimendelow/spoonjoy-v2/actions/runs/27387109428/job/80936433500	
deploy-storybook	skipping	0	https://github.com/arimendelow/spoonjoy-v2/actions/runs/27387109437/job/80936511505	
build-storybook	pass	34s	https://github.com/arimendelow/spoonjoy-v2/actions/runs/27387109437/job/80936433545	
coverage	pass	10m14s	https://github.com/arimendelow/spoonjoy-v2/actions/runs/27387109428/job/80936433497	
e2e	pass	2m5s	https://github.com/arimendelow/spoonjoy-v2/actions/runs/27387109428/job/80936433500	
