Refreshing run status every 10 seconds. Press Ctrl+C to quit.

* main Production Deploy · 27387504495
Triggered via push less than a minute ago

JOBS
* deploy (ID 80937667255)
  ✓ Set up job
  ✓ Run actions/checkout@v6
  ✓ Setup pnpm
  ✓ Setup Node.js
  ✓ Install dependencies
  ✓ Generate Prisma client
  * Deploy to Cloudflare Workers
  * Post Setup Node.js
  * Post Setup pnpm
  * Post Run actions/checkout@v6
Refreshing run status every 10 seconds. Press Ctrl+C to quit.

* main Production Deploy · 27387504495
Triggered via push less than a minute ago

JOBS
* deploy (ID 80937667255)
  ✓ Set up job
  ✓ Run actions/checkout@v6
  ✓ Setup pnpm
  ✓ Setup Node.js
  ✓ Install dependencies
  ✓ Generate Prisma client
  * Deploy to Cloudflare Workers
  * Post Setup Node.js
  * Post Setup pnpm
  * Post Run actions/checkout@v6
✓ main Production Deploy · 27387504495
Triggered via push about 1 minute ago

JOBS
✓ deploy in 56s (ID 80937667255)
  ✓ Set up job
  ✓ Run actions/checkout@v6
  ✓ Setup pnpm
  ✓ Setup Node.js
  ✓ Install dependencies
  ✓ Generate Prisma client
  ✓ Deploy to Cloudflare Workers
  ✓ Post Setup Node.js
  ✓ Post Setup pnpm
  ✓ Post Run actions/checkout@v6
  ✓ Complete job
